Command line invocation:
    /Applications/Xcode.app/Contents/Developer/usr/bin/xcodebuild -project /Users/richardgillespie/Documents/FoT8D/cells/fusion/macos/FusionSidecarHost/FusionSidecarHost.xcodeproj -scheme FusionSidecarHost -configuration Release -derivedDataPath /var/folders/5x/j3fn3d2d5x7gtdyc46rk487h0000gn/T//gaiaftcl_plasma_invariant_derived_richardgillespie ONLY_ACTIVE_ARCH=YES ARCHS=arm64 build -destination platform=macOS,arch=arm64

Build settings from command line:
    ARCHS = arm64
    ONLY_ACTIVE_ARCH = YES

ComputePackagePrebuildTargetDependencyGraph

Prepare packages

CreateBuildRequest

SendProjectDescription

CreateBuildOperation

ComputeTargetDependencyGraph
note: Building targets in dependency order
note: Target dependency graph (1 target)
    Target 'FusionSidecarHost' in project 'FusionSidecarHost' (no dependencies)

GatherProvisioningInputs

CreateBuildDescription

ExecuteExternalTool /Applications/Xcode.app/Contents/Developer/Toolchains/XcodeDefault.xctoolchain/usr/bin/swiftc --version

ExecuteExternalTool /Applications/Xcode.app/Contents/Developer/Toolchains/XcodeDefault.xctoolchain/usr/bin/clang -v -E -dM -isysroot /Applications/Xcode.app/Contents/Developer/Platforms/MacOSX.platform/Developer/SDKs/MacOSX26.4.sdk -x c -c /dev/null

ExecuteExternalTool /Applications/Xcode.app/Contents/Developer/Toolchains/XcodeDefault.xctoolchain/usr/bin/ld -version_details

Build description signature: 22d364d2657dc116361bde54771ce9ad
Build description path: /var/folders/5x/j3fn3d2d5x7gtdyc46rk487h0000gn/T/gaiaftcl_plasma_invariant_derived_richardgillespie/Build/Intermediates.noindex/XCBuildData/22d364d2657dc116361bde54771ce9ad.xcbuilddata
ClangStatCache /Applications/Xcode.app/Contents/Developer/Toolchains/XcodeDefault.xctoolchain/usr/bin/clang-stat-cache /Applications/Xcode.app/Contents/Developer/Platforms/MacOSX.platform/Developer/SDKs/MacOSX26.4.sdk /var/folders/5x/j3fn3d2d5x7gtdyc46rk487h0000gn/T/gaiaftcl_plasma_invariant_derived_richardgillespie/SDKStatCaches.noindex/macosx26.4-25E236-688ef53f1462e2c8f657fdc38a81448f30f9ca8789b706f8bd3fc906a70d770f.sdkstatcache
    cd /Users/richardgillespie/Documents/FoT8D/cells/fusion/macos/FusionSidecarHost/FusionSidecarHost.xcodeproj
    /Applications/Xcode.app/Contents/Developer/Toolchains/XcodeDefault.xctoolchain/usr/bin/clang-stat-cache /Applications/Xcode.app/Contents/Developer/Platforms/MacOSX.platform/Developer/SDKs/MacOSX26.4.sdk -o /var/folders/5x/j3fn3d2d5x7gtdyc46rk487h0000gn/T/gaiaftcl_plasma_invariant_derived_richardgillespie/SDKStatCaches.noindex/macosx26.4-25E236-688ef53f1462e2c8f657fdc38a81448f30f9ca8789b706f8bd3fc906a70d770f.sdkstatcache

CreateBuildDirectory /var/folders/5x/j3fn3d2d5x7gtdyc46rk487h0000gn/T/gaiaftcl_plasma_invariant_derived_richardgillespie/Build/Products
    cd /Users/richardgillespie/Documents/FoT8D/cells/fusion/macos/FusionSidecarHost/FusionSidecarHost.xcodeproj
    builtin-create-build-directory /var/folders/5x/j3fn3d2d5x7gtdyc46rk487h0000gn/T/gaiaftcl_plasma_invariant_derived_richardgillespie/Build/Products

CreateBuildDirectory /var/folders/5x/j3fn3d2d5x7gtdyc46rk487h0000gn/T/gaiaftcl_plasma_invariant_derived_richardgillespie/Build/Intermediates.noindex
    cd /Users/richardgillespie/Documents/FoT8D/cells/fusion/macos/FusionSidecarHost/FusionSidecarHost.xcodeproj
    builtin-create-build-directory /var/folders/5x/j3fn3d2d5x7gtdyc46rk487h0000gn/T/gaiaftcl_plasma_invariant_derived_richardgillespie/Build/Intermediates.noindex

WriteAuxiliaryFile /var/folders/5x/j3fn3d2d5x7gtdyc46rk487h0000gn/T/gaiaftcl_plasma_invariant_derived_richardgillespie/Build/Intermediates.noindex/FusionSidecarHost.build/Release/FusionSidecarHost-66b4c2f70556bd3739838f711d37d13f-VFS/all-product-headers.yaml
    cd /Users/richardgillespie/Documents/FoT8D/cells/fusion/macos/FusionSidecarHost/FusionSidecarHost.xcodeproj
    write-file /var/folders/5x/j3fn3d2d5x7gtdyc46rk487h0000gn/T/gaiaftcl_plasma_invariant_derived_richardgillespie/Build/Intermediates.noindex/FusionSidecarHost.build/Release/FusionSidecarHost-66b4c2f70556bd3739838f711d37d13f-VFS/all-product-headers.yaml

CreateBuildDirectory /var/folders/5x/j3fn3d2d5x7gtdyc46rk487h0000gn/T/gaiaftcl_plasma_invariant_derived_richardgillespie/Build/Products/Release
    cd /Users/richardgillespie/Documents/FoT8D/cells/fusion/macos/FusionSidecarHost/FusionSidecarHost.xcodeproj
    builtin-create-build-directory /var/folders/5x/j3fn3d2d5x7gtdyc46rk487h0000gn/T/gaiaftcl_plasma_invariant_derived_richardgillespie/Build/Products/Release

CreateBuildDirectory /var/folders/5x/j3fn3d2d5x7gtdyc46rk487h0000gn/T/gaiaftcl_plasma_invariant_derived_richardgillespie/Build/Intermediates.noindex/SwiftExplicitPrecompiledModules
    cd /Users/richardgillespie/Documents/FoT8D/cells/fusion/macos/FusionSidecarHost/FusionSidecarHost.xcodeproj
    builtin-create-build-directory /var/folders/5x/j3fn3d2d5x7gtdyc46rk487h0000gn/T/gaiaftcl_plasma_invariant_derived_richardgillespie/Build/Intermediates.noindex/SwiftExplicitPrecompiledModules

CreateBuildDirectory /var/folders/5x/j3fn3d2d5x7gtdyc46rk487h0000gn/T/gaiaftcl_plasma_invariant_derived_richardgillespie/Build/Intermediates.noindex/ExplicitPrecompiledModules
    cd /Users/richardgillespie/Documents/FoT8D/cells/fusion/macos/FusionSidecarHost/FusionSidecarHost.xcodeproj
    builtin-create-build-directory /var/folders/5x/j3fn3d2d5x7gtdyc46rk487h0000gn/T/gaiaftcl_plasma_invariant_derived_richardgillespie/Build/Intermediates.noindex/ExplicitPrecompiledModules

CreateBuildDirectory /var/folders/5x/j3fn3d2d5x7gtdyc46rk487h0000gn/T/gaiaftcl_plasma_invariant_derived_richardgillespie/Build/Intermediates.noindex/EagerLinkingTBDs/Release
    cd /Users/richardgillespie/Documents/FoT8D/cells/fusion/macos/FusionSidecarHost/FusionSidecarHost.xcodeproj
    builtin-create-build-directory /var/folders/5x/j3fn3d2d5x7gtdyc46rk487h0000gn/T/gaiaftcl_plasma_invariant_derived_richardgillespie/Build/Intermediates.noindex/EagerLinkingTBDs/Release

WriteAuxiliaryFile /var/folders/5x/j3fn3d2d5x7gtdyc46rk487h0000gn/T/gaiaftcl_plasma_invariant_derived_richardgillespie/Build/Intermediates.noindex/FusionSidecarHost.build/Release/FusionSidecarHost.build/FusionSidecarHost.hmap (in target 'FusionSidecarHost' from project 'FusionSidecarHost')
    cd /Users/richardgillespie/Documents/FoT8D/cells/fusion/macos/FusionSidecarHost
    write-file /var/folders/5x/j3fn3d2d5x7gtdyc46rk487h0000gn/T/gaiaftcl_plasma_invariant_derived_richardgillespie/Build/Intermediates.noindex/FusionSidecarHost.build/Release/FusionSidecarHost.build/FusionSidecarHost.hmap

WriteAuxiliaryFile /var/folders/5x/j3fn3d2d5x7gtdyc46rk487h0000gn/T/gaiaftcl_plasma_invariant_derived_richardgillespie/Build/Intermediates.noindex/FusionSidecarHost.build/Release/FusionSidecarHost.build/FusionSidecarHost.DependencyStaticMetadataFileList (in target 'FusionSidecarHost' from project 'FusionSidecarHost')
    cd /Users/richardgillespie/Documents/FoT8D/cells/fusion/macos/FusionSidecarHost
    write-file /var/folders/5x/j3fn3d2d5x7gtdyc46rk487h0000gn/T/gaiaftcl_plasma_invariant_derived_richardgillespie/Build/Intermediates.noindex/FusionSidecarHost.build/Release/FusionSidecarHost.build/FusionSidecarHost.DependencyStaticMetadataFileList

WriteAuxiliaryFile /var/folders/5x/j3fn3d2d5x7gtdyc46rk487h0000gn/T/gaiaftcl_plasma_invariant_derived_richardgillespie/Build/Intermediates.noindex/FusionSidecarHost.build/Release/FusionSidecarHost.build/FusionSidecarHost.DependencyMetadataFileList (in target 'FusionSidecarHost' from project 'FusionSidecarHost')
    cd /Users/richardgillespie/Documents/FoT8D/cells/fusion/macos/FusionSidecarHost
    write-file /var/folders/5x/j3fn3d2d5x7gtdyc46rk487h0000gn/T/gaiaftcl_plasma_invariant_derived_richardgillespie/Build/Intermediates.noindex/FusionSidecarHost.build/Release/FusionSidecarHost.build/FusionSidecarHost.DependencyMetadataFileList

WriteAuxiliaryFile /var/folders/5x/j3fn3d2d5x7gtdyc46rk487h0000gn/T/gaiaftcl_plasma_invariant_derived_richardgillespie/Build/Intermediates.noindex/FusionSidecarHost.build/Release/FusionSidecarHost.build/FusionSidecarHost-project-headers.hmap (in target 'FusionSidecarHost' from project 'FusionSidecarHost')
    cd /Users/richardgillespie/Documents/FoT8D/cells/fusion/macos/FusionSidecarHost
    write-file /var/folders/5x/j3fn3d2d5x7gtdyc46rk487h0000gn/T/gaiaftcl_plasma_invariant_derived_richardgillespie/Build/Intermediates.noindex/FusionSidecarHost.build/Release/FusionSidecarHost.build/FusionSidecarHost-project-headers.hmap

WriteAuxiliaryFile /var/folders/5x/j3fn3d2d5x7gtdyc46rk487h0000gn/T/gaiaftcl_plasma_invariant_derived_richardgillespie/Build/Intermediates.noindex/FusionSidecarHost.build/Release/FusionSidecarHost.build/FusionSidecarHost-own-target-headers.hmap (in target 'FusionSidecarHost' from project 'FusionSidecarHost')
    cd /Users/richardgillespie/Documents/FoT8D/cells/fusion/macos/FusionSidecarHost
    write-file /var/folders/5x/j3fn3d2d5x7gtdyc46rk487h0000gn/T/gaiaftcl_plasma_invariant_derived_richardgillespie/Build/Intermediates.noindex/FusionSidecarHost.build/Release/FusionSidecarHost.build/FusionSidecarHost-own-target-headers.hmap

WriteAuxiliaryFile /var/folders/5x/j3fn3d2d5x7gtdyc46rk487h0000gn/T/gaiaftcl_plasma_invariant_derived_richardgillespie/Build/Intermediates.noindex/FusionSidecarHost.build/Release/FusionSidecarHost.build/FusionSidecarHost-generated-files.hmap (in target 'FusionSidecarHost' from project 'FusionSidecarHost')
    cd /Users/richardgillespie/Documents/FoT8D/cells/fusion/macos/FusionSidecarHost
    write-file /var/folders/5x/j3fn3d2d5x7gtdyc46rk487h0000gn/T/gaiaftcl_plasma_invariant_derived_richardgillespie/Build/Intermediates.noindex/FusionSidecarHost.build/Release/FusionSidecarHost.build/FusionSidecarHost-generated-files.hmap

WriteAuxiliaryFile /var/folders/5x/j3fn3d2d5x7gtdyc46rk487h0000gn/T/gaiaftcl_plasma_invariant_derived_richardgillespie/Build/Intermediates.noindex/FusionSidecarHost.build/Release/FusionSidecarHost.build/FusionSidecarHost-all-target-headers.hmap (in target 'FusionSidecarHost' from project 'FusionSidecarHost')
    cd /Users/richardgillespie/Documents/FoT8D/cells/fusion/macos/FusionSidecarHost
    write-file /var/folders/5x/j3fn3d2d5x7gtdyc46rk487h0000gn/T/gaiaftcl_plasma_invariant_derived_richardgillespie/Build/Intermediates.noindex/FusionSidecarHost.build/Release/FusionSidecarHost.build/FusionSidecarHost-all-target-headers.hmap

WriteAuxiliaryFile /var/folders/5x/j3fn3d2d5x7gtdyc46rk487h0000gn/T/gaiaftcl_plasma_invariant_derived_richardgillespie/Build/Intermediates.noindex/FusionSidecarHost.build/Release/FusionSidecarHost.build/FusionSidecarHost-all-non-framework-target-headers.hmap (in target 'FusionSidecarHost' from project 'FusionSidecarHost')
    cd /Users/richardgillespie/Documents/FoT8D/cells/fusion/macos/FusionSidecarHost
    write-file /var/folders/5x/j3fn3d2d5x7gtdyc46rk487h0000gn/T/gaiaftcl_plasma_invariant_derived_richardgillespie/Build/Intermediates.noindex/FusionSidecarHost.build/Release/FusionSidecarHost.build/FusionSidecarHost-all-non-framework-target-headers.hmap

WriteAuxiliaryFile /var/folders/5x/j3fn3d2d5x7gtdyc46rk487h0000gn/T/gaiaftcl_plasma_invariant_derived_richardgillespie/Build/Intermediates.noindex/FusionSidecarHost.build/Release/FusionSidecarHost.build/Objects-normal/arm64/FusionSidecarHost.LinkFileList (in target 'FusionSidecarHost' from project 'FusionSidecarHost')
    cd /Users/richardgillespie/Documents/FoT8D/cells/fusion/macos/FusionSidecarHost
    write-file /var/folders/5x/j3fn3d2d5x7gtdyc46rk487h0000gn/T/gaiaftcl_plasma_invariant_derived_richardgillespie/Build/Intermediates.noindex/FusionSidecarHost.build/Release/FusionSidecarHost.build/Objects-normal/arm64/FusionSidecarHost.LinkFileList

WriteAuxiliaryFile /var/folders/5x/j3fn3d2d5x7gtdyc46rk487h0000gn/T/gaiaftcl_plasma_invariant_derived_richardgillespie/Build/Intermediates.noindex/FusionSidecarHost.build/Release/FusionSidecarHost.build/Objects-normal/arm64/FusionSidecarHost-OutputFileMap.json (in target 'FusionSidecarHost' from project 'FusionSidecarHost')
    cd /Users/richardgillespie/Documents/FoT8D/cells/fusion/macos/FusionSidecarHost
    write-file /var/folders/5x/j3fn3d2d5x7gtdyc46rk487h0000gn/T/gaiaftcl_plasma_invariant_derived_richardgillespie/Build/Intermediates.noindex/FusionSidecarHost.build/Release/FusionSidecarHost.build/Objects-normal/arm64/FusionSidecarHost-OutputFileMap.json

WriteAuxiliaryFile /var/folders/5x/j3fn3d2d5x7gtdyc46rk487h0000gn/T/gaiaftcl_plasma_invariant_derived_richardgillespie/Build/Intermediates.noindex/FusionSidecarHost.build/Release/FusionSidecarHost.build/Objects-normal/arm64/FusionSidecarHost.SwiftConstValuesFileList (in target 'FusionSidecarHost' from project 'FusionSidecarHost')
    cd /Users/richardgillespie/Documents/FoT8D/cells/fusion/macos/FusionSidecarHost
    write-file /var/folders/5x/j3fn3d2d5x7gtdyc46rk487h0000gn/T/gaiaftcl_plasma_invariant_derived_richardgillespie/Build/Intermediates.noindex/FusionSidecarHost.build/Release/FusionSidecarHost.build/Objects-normal/arm64/FusionSidecarHost.SwiftConstValuesFileList

WriteAuxiliaryFile /var/folders/5x/j3fn3d2d5x7gtdyc46rk487h0000gn/T/gaiaftcl_plasma_invariant_derived_richardgillespie/Build/Intermediates.noindex/FusionSidecarHost.build/Release/FusionSidecarHost.build/Objects-normal/arm64/FusionSidecarHost.SwiftFileList (in target 'FusionSidecarHost' from project 'FusionSidecarHost')
    cd /Users/richardgillespie/Documents/FoT8D/cells/fusion/macos/FusionSidecarHost
    write-file /var/folders/5x/j3fn3d2d5x7gtdyc46rk487h0000gn/T/gaiaftcl_plasma_invariant_derived_richardgillespie/Build/Intermediates.noindex/FusionSidecarHost.build/Release/FusionSidecarHost.build/Objects-normal/arm64/FusionSidecarHost.SwiftFileList

WriteAuxiliaryFile /var/folders/5x/j3fn3d2d5x7gtdyc46rk487h0000gn/T/gaiaftcl_plasma_invariant_derived_richardgillespie/Build/Intermediates.noindex/FusionSidecarHost.build/Release/FusionSidecarHost.build/DerivedSources/Entitlements.plist (in target 'FusionSidecarHost' from project 'FusionSidecarHost')
    cd /Users/richardgillespie/Documents/FoT8D/cells/fusion/macos/FusionSidecarHost
    write-file /var/folders/5x/j3fn3d2d5x7gtdyc46rk487h0000gn/T/gaiaftcl_plasma_invariant_derived_richardgillespie/Build/Intermediates.noindex/FusionSidecarHost.build/Release/FusionSidecarHost.build/DerivedSources/Entitlements.plist

WriteAuxiliaryFile /var/folders/5x/j3fn3d2d5x7gtdyc46rk487h0000gn/T/gaiaftcl_plasma_invariant_derived_richardgillespie/Build/Intermediates.noindex/FusionSidecarHost.build/Release/FusionSidecarHost.build/Objects-normal/arm64/FusionSidecarHost_const_extract_protocols.json (in target 'FusionSidecarHost' from project 'FusionSidecarHost')
    cd /Users/richardgillespie/Documents/FoT8D/cells/fusion/macos/FusionSidecarHost
    write-file /var/folders/5x/j3fn3d2d5x7gtdyc46rk487h0000gn/T/gaiaftcl_plasma_invariant_derived_richardgillespie/Build/Intermediates.noindex/FusionSidecarHost.build/Release/FusionSidecarHost.build/Objects-normal/arm64/FusionSidecarHost_const_extract_protocols.json

MkDir /var/folders/5x/j3fn3d2d5x7gtdyc46rk487h0000gn/T/gaiaftcl_plasma_invariant_derived_richardgillespie/Build/Products/Release/FusionSidecarHost.app/Contents/MacOS (in target 'FusionSidecarHost' from project 'FusionSidecarHost')
    cd /Users/richardgillespie/Documents/FoT8D/cells/fusion/macos/FusionSidecarHost
    /bin/mkdir -p /var/folders/5x/j3fn3d2d5x7gtdyc46rk487h0000gn/T/gaiaftcl_plasma_invariant_derived_richardgillespie/Build/Products/Release/FusionSidecarHost.app/Contents/MacOS

MkDir /var/folders/5x/j3fn3d2d5x7gtdyc46rk487h0000gn/T/gaiaftcl_plasma_invariant_derived_richardgillespie/Build/Products/Release/FusionSidecarHost.app/Contents (in target 'FusionSidecarHost' from project 'FusionSidecarHost')
    cd /Users/richardgillespie/Documents/FoT8D/cells/fusion/macos/FusionSidecarHost
    /bin/mkdir -p /var/folders/5x/j3fn3d2d5x7gtdyc46rk487h0000gn/T/gaiaftcl_plasma_invariant_derived_richardgillespie/Build/Products/Release/FusionSidecarHost.app/Contents

MkDir /var/folders/5x/j3fn3d2d5x7gtdyc46rk487h0000gn/T/gaiaftcl_plasma_invariant_derived_richardgillespie/Build/Products/Release/FusionSidecarHost.app (in target 'FusionSidecarHost' from project 'FusionSidecarHost')
    cd /Users/richardgillespie/Documents/FoT8D/cells/fusion/macos/FusionSidecarHost
    /bin/mkdir -p /var/folders/5x/j3fn3d2d5x7gtdyc46rk487h0000gn/T/gaiaftcl_plasma_invariant_derived_richardgillespie/Build/Products/Release/FusionSidecarHost.app

ProcessProductPackaging /Users/richardgillespie/Documents/FoT8D/cells/fusion/macos/FusionSidecarHost/FusionSidecarHost/FusionSidecarHost.entitlements /var/folders/5x/j3fn3d2d5x7gtdyc46rk487h0000gn/T/gaiaftcl_plasma_invariant_derived_richardgillespie/Build/Intermediates.noindex/FusionSidecarHost.build/Release/FusionSidecarHost.build/FusionSidecarHost.app.xcent (in target 'FusionSidecarHost' from project 'FusionSidecarHost')
    cd /Users/richardgillespie/Documents/FoT8D/cells/fusion/macos/FusionSidecarHost
    
    Entitlements:
    
    {
    "com.apple.security.app-sandbox" = 0;
    "com.apple.security.get-task-allow" = 1;
    "com.apple.security.virtualization" = 1;
}
    
    builtin-productPackagingUtility /Users/richardgillespie/Documents/FoT8D/cells/fusion/macos/FusionSidecarHost/FusionSidecarHost/FusionSidecarHost.entitlements -entitlements -format xml -o /var/folders/5x/j3fn3d2d5x7gtdyc46rk487h0000gn/T/gaiaftcl_plasma_invariant_derived_richardgillespie/Build/Intermediates.noindex/FusionSidecarHost.build/Release/FusionSidecarHost.build/FusionSidecarHost.app.xcent

ProcessProductPackagingDER /var/folders/5x/j3fn3d2d5x7gtdyc46rk487h0000gn/T/gaiaftcl_plasma_invariant_derived_richardgillespie/Build/Intermediates.noindex/FusionSidecarHost.build/Release/FusionSidecarHost.build/FusionSidecarHost.app.xcent /var/folders/5x/j3fn3d2d5x7gtdyc46rk487h0000gn/T/gaiaftcl_plasma_invariant_derived_richardgillespie/Build/Intermediates.noindex/FusionSidecarHost.build/Release/FusionSidecarHost.build/FusionSidecarHost.app.xcent.der (in target 'FusionSidecarHost' from project 'FusionSidecarHost')
    cd /Users/richardgillespie/Documents/FoT8D/cells/fusion/macos/FusionSidecarHost
    /usr/bin/derq query -f xml -i /var/folders/5x/j3fn3d2d5x7gtdyc46rk487h0000gn/T/gaiaftcl_plasma_invariant_derived_richardgillespie/Build/Intermediates.noindex/FusionSidecarHost.build/Release/FusionSidecarHost.build/FusionSidecarHost.app.xcent -o /var/folders/5x/j3fn3d2d5x7gtdyc46rk487h0000gn/T/gaiaftcl_plasma_invariant_derived_richardgillespie/Build/Intermediates.noindex/FusionSidecarHost.build/Release/FusionSidecarHost.build/FusionSidecarHost.app.xcent.der --raw

ProcessInfoPlistFile /var/folders/5x/j3fn3d2d5x7gtdyc46rk487h0000gn/T/gaiaftcl_plasma_invariant_derived_richardgillespie/Build/Products/Release/FusionSidecarHost.app/Contents/Info.plist /Users/richardgillespie/Documents/FoT8D/cells/fusion/macos/FusionSidecarHost/FusionSidecarHost/Info.plist (in target 'FusionSidecarHost' from project 'FusionSidecarHost')
    cd /Users/richardgillespie/Documents/FoT8D/cells/fusion/macos/FusionSidecarHost
    builtin-infoPlistUtility /Users/richardgillespie/Documents/FoT8D/cells/fusion/macos/FusionSidecarHost/FusionSidecarHost/Info.plist -producttype com.apple.product-type.application -genpkginfo /var/folders/5x/j3fn3d2d5x7gtdyc46rk487h0000gn/T/gaiaftcl_plasma_invariant_derived_richardgillespie/Build/Products/Release/FusionSidecarHost.app/Contents/PkgInfo -expandbuildsettings -platform macosx -o /var/folders/5x/j3fn3d2d5x7gtdyc46rk487h0000gn/T/gaiaftcl_plasma_invariant_derived_richardgillespie/Build/Products/Release/FusionSidecarHost.app/Contents/Info.plist

SwiftDriver FusionSidecarHost normal arm64 com.apple.xcode.tools.swift.compiler (in target 'FusionSidecarHost' from project 'FusionSidecarHost')
    cd /Users/richardgillespie/Documents/FoT8D/cells/fusion/macos/FusionSidecarHost
    builtin-SwiftDriver -- /Applications/Xcode.app/Contents/Developer/Toolchains/XcodeDefault.xctoolchain/usr/bin/swiftc -module-name FusionSidecarHost -O -whole-module-optimization @/var/folders/5x/j3fn3d2d5x7gtdyc46rk487h0000gn/T/gaiaftcl_plasma_invariant_derived_richardgillespie/Build/Intermediates.noindex/FusionSidecarHost.build/Release/FusionSidecarHost.build/Objects-normal/arm64/FusionSidecarHost.SwiftFileList -enable-bare-slash-regex -enable-experimental-feature DebugDescriptionMacro -sdk /Applications/Xcode.app/Contents/Developer/Platforms/MacOSX.platform/Developer/SDKs/MacOSX26.4.sdk -target arm64-apple-macos14.0 -g -module-cache-path /var/folders/5x/j3fn3d2d5x7gtdyc46rk487h0000gn/T/gaiaftcl_plasma_invariant_derived_richardgillespie/ModuleCache.noindex -Xfrontend -serialize-debugging-options -swift-version 5 -I /var/folders/5x/j3fn3d2d5x7gtdyc46rk487h0000gn/T/gaiaftcl_plasma_invariant_derived_richardgillespie/Build/Products/Release -F /var/folders/5x/j3fn3d2d5x7gtdyc46rk487h0000gn/T/gaiaftcl_plasma_invariant_derived_richardgillespie/Build/Products/Release -emit-localized-strings -emit-localized-strings-path /var/folders/5x/j3fn3d2d5x7gtdyc46rk487h0000gn/T/gaiaftcl_plasma_invariant_derived_richardgillespie/Build/Intermediates.noindex/FusionSidecarHost.build/Release/FusionSidecarHost.build/Objects-normal/arm64 -c -num-threads 16 -Xcc -ivfsstatcache -Xcc /var/folders/5x/j3fn3d2d5x7gtdyc46rk487h0000gn/T/gaiaftcl_plasma_invariant_derived_richardgillespie/SDKStatCaches.noindex/macosx26.4-25E236-688ef53f1462e2c8f657fdc38a81448f30f9ca8789b706f8bd3fc906a70d770f.sdkstatcache -output-file-map /var/folders/5x/j3fn3d2d5x7gtdyc46rk487h0000gn/T/gaiaftcl_plasma_invariant_derived_richardgillespie/Build/Intermediates.noindex/FusionSidecarHost.build/Release/FusionSidecarHost.build/Objects-normal/arm64/FusionSidecarHost-OutputFileMap.json -use-frontend-parseable-output -save-temps -no-color-diagnostics -explicit-module-build -module-cache-path /var/folders/5x/j3fn3d2d5x7gtdyc46rk487h0000gn/T/gaiaftcl_plasma_invariant_derived_richardgillespie/Build/Intermediates.noindex/SwiftExplicitPrecompiledModules -clang-scanner-module-cache-path /var/folders/5x/j3fn3d2d5x7gtdyc46rk487h0000gn/T/gaiaftcl_plasma_invariant_derived_richardgillespie/ModuleCache.noindex -sdk-module-cache-path /var/folders/5x/j3fn3d2d5x7gtdyc46rk487h0000gn/T/gaiaftcl_plasma_invariant_derived_richardgillespie/ModuleCache.noindex -serialize-diagnostics -emit-dependencies -emit-module -emit-module-path /var/folders/5x/j3fn3d2d5x7gtdyc46rk487h0000gn/T/gaiaftcl_plasma_invariant_derived_richardgillespie/Build/Intermediates.noindex/FusionSidecarHost.build/Release/FusionSidecarHost.build/Objects-normal/arm64/FusionSidecarHost.swiftmodule -validate-clang-modules-once -clang-build-session-file /var/folders/5x/j3fn3d2d5x7gtdyc46rk487h0000gn/T/gaiaftcl_plasma_invariant_derived_richardgillespie/ModuleCache.noindex/Session.modulevalidation -Xcc -I/var/folders/5x/j3fn3d2d5x7gtdyc46rk487h0000gn/T/gaiaftcl_plasma_invariant_derived_richardgillespie/Build/Intermediates.noindex/FusionSidecarHost.build/Release/FusionSidecarHost.build/swift-overrides.hmap -emit-const-values -Xfrontend -const-gather-protocols-file -Xfrontend /var/folders/5x/j3fn3d2d5x7gtdyc46rk487h0000gn/T/gaiaftcl_plasma_invariant_derived_richardgillespie/Build/Intermediates.noindex/FusionSidecarHost.build/Release/FusionSidecarHost.build/Objects-normal/arm64/FusionSidecarHost_const_extract_protocols.json -Xcc -iquote -Xcc /var/folders/5x/j3fn3d2d5x7gtdyc46rk487h0000gn/T/gaiaftcl_plasma_invariant_derived_richardgillespie/Build/Intermediates.noindex/FusionSidecarHost.build/Release/FusionSidecarHost.build/FusionSidecarHost-generated-files.hmap -Xcc -I/var/folders/5x/j3fn3d2d5x7gtdyc46rk487h0000gn/T/gaiaftcl_plasma_invariant_derived_richardgillespie/Build/Intermediates.noindex/FusionSidecarHost.build/Release/FusionSidecarHost.build/FusionSidecarHost-own-target-headers.hmap -Xcc -I/var/folders/5x/j3fn3d2d5x7gtdyc46rk487h0000gn/T/gaiaftcl_plasma_invariant_derived_richardgillespie/Build/Intermediates.noindex/FusionSidecarHost.build/Release/FusionSidecarHost.build/FusionSidecarHost-all-target-headers.hmap -Xcc -iquote -Xcc /var/folders/5x/j3fn3d2d5x7gtdyc46rk487h0000gn/T/gaiaftcl_plasma_invariant_derived_richardgillespie/Build/Intermediates.noindex/FusionSidecarHost.build/Release/FusionSidecarHost.build/FusionSidecarHost-project-headers.hmap -Xcc -I/var/folders/5x/j3fn3d2d5x7gtdyc46rk487h0000gn/T/gaiaftcl_plasma_invariant_derived_richardgillespie/Build/Products/Release/include -Xcc -I/var/folders/5x/j3fn3d2d5x7gtdyc46rk487h0000gn/T/gaiaftcl_plasma_invariant_derived_richardgillespie/Build/Intermediates.noindex/FusionSidecarHost.build/Release/FusionSidecarHost.build/DerivedSources-normal/arm64 -Xcc -I/var/folders/5x/j3fn3d2d5x7gtdyc46rk487h0000gn/T/gaiaftcl_plasma_invariant_derived_richardgillespie/Build/Intermediates.noindex/FusionSidecarHost.build/Release/FusionSidecarHost.build/DerivedSources/arm64 -Xcc -I/var/folders/5x/j3fn3d2d5x7gtdyc46rk487h0000gn/T/gaiaftcl_plasma_invariant_derived_richardgillespie/Build/Intermediates.noindex/FusionSidecarHost.build/Release/FusionSidecarHost.build/DerivedSources -emit-objc-header -emit-objc-header-path /var/folders/5x/j3fn3d2d5x7gtdyc46rk487h0000gn/T/gaiaftcl_plasma_invariant_derived_richardgillespie/Build/Intermediates.noindex/FusionSidecarHost.build/Release/FusionSidecarHost.build/Objects-normal/arm64/FusionSidecarHost-Swift.h -working-directory /Users/richardgillespie/Documents/FoT8D/cells/fusion/macos/FusionSidecarHost -no-emit-module-separately-wmo
