
[1m[0;34m╔══════════════════════════════════════════════════════════╗[0m
[1m[0;34m║  FoT8D — Installation Qualification (IQ)[0m
[1m[0;34m╚══════════════════════════════════════════════════════════╝[0m

  GAMP 5 Category 5 | FDA 21 CFR Part 11 | EU Annex 11
  Repo: /Users/richardgillespie/Documents/GaiaFTCL-MacCells/gaiaFTCL/runtime/sprout-cells/20260428T150023Z/workspace/clone
  Time: 20260428T150108Z


[1m[0;36m── IQ-0: Cell Selection ──────────────────────────────────────────────[0m
  Cell (from CLI): both
  Installing: MacFusion=true  MacHealth=true

[1m[0;36m── IQ-1: Old App / Data Check ──────────────────────────────────────────────[0m
  Found existing data:
    • ~/.gaiaftcl/ (MacFusion wallet)
    • ~/.gaiahealth/ (MacHealth wallet)
    • cells/fusion/macos/GaiaFusion/GaiaFusion.app (repo copy)

[1;33m  ⚠️  WARN[0m  Non-interactive IQ mode: CLEAN_OLD=no
[0;32m  ✅ PASS[0m  Keeping existing data — incremental install

[1m[0;36m── IQ-2: System Prerequisites ──────────────────────────────────────────────[0m
[0;32m  ✅ PASS[0m  macOS 26.4.1 (≥ 13 required)
[0;32m  ✅ PASS[0m  CPU: Apple Silicon arm64 — Metal 3 optimal
[0;32m  ✅ PASS[0m  Xcode CLT
[0;32m  ✅ PASS[0m  Swift ≥ 5.9
[0;32m  ✅ PASS[0m  Rust toolchain
[0;32m  ✅ PASS[0m  Cargo
[0;32m  ✅ PASS[0m  OpenSSL (wallet gen)
[0;32m  ✅ PASS[0m  Python 3 (receipts)
[0;32m  ✅ PASS[0m  Metal GPU
[0;32m  ✅ PASS[0m  Rust 1.88.0

  Prerequisites: 10 passed, 0 failed

[1m[0;36m── IQ-3: Project Structure ──────────────────────────────────────────────[0m
[0;32m  ✅ PASS[0m  shared/wallet_core
[0;32m  ✅ PASS[0m  shared/owl_protocol
[0;32m  ✅ PASS[0m  MacFusion Package.swift
[0;32m  ✅ PASS[0m  MacFusion Swift sources
[0;32m  ✅ PASS[0m  MacFusion libgaia_metal_renderer
[0;32m  ✅ PASS[0m  MacFusion C header
[0;32m  ✅ PASS[0m  MacFusion Rust source
[0;32m  ✅ PASS[0m  MacHealth dir
[0;32m  ✅ PASS[0m  MacHealth Package.swift
[0;32m  ✅ PASS[0m  GaiaHealth Rust workspace
[0;32m  ✅ PASS[0m  GaiaHealth gaia-health-renderer
[0;32m  ✅ PASS[0m  GaiaHealth biologit_md_engine

  Structure: 12 passed, 0 failed

[1m[0;36m── IQ-4: Sovereign Wallet — MacFusion ──────────────────────────────────────────────[0m
[1;33m  ⚠️  WARN[0m  Identity already exists at /Users/richardgillespie/.gaiaftcl — reusing
[0;32m  ✅ PASS[0m  Cell ID: ...
[0;32m  ✅ PASS[0m  Wallet:  gaia1
[0;32m  ✅ PASS[0m  Wallet key mode: 600

[1m[0;36m── IQ-4: Sovereign Wallet — MacHealth ──────────────────────────────────────────────[0m
[1;33m  ⚠️  WARN[0m  Identity already exists at /Users/richardgillespie/.gaiahealth — reusing
[0;32m  ✅ PASS[0m  Cell ID: ...
[0;32m  ✅ PASS[0m  Wallet:  gaiahealth1
[0;32m  ✅ PASS[0m  Wallet key mode: 600

[1m[0;36m── IQ-5: License Acceptance ──────────────────────────────────────────────[0m
[1;33m  ⚠️  WARN[0m  Non-interactive IQ mode: LICENSE_ACCEPT=yes
[0;32m  ✅ PASS[0m  License accepted
  Non-interactive IQ mode: human bell acknowledged by sprout policy.

[1m[0;36m── IQ-6: Writing IQ Receipt — MacFusion ──────────────────────────────────────────────[0m
  Receipt: /Users/richardgillespie/Documents/GaiaFTCL-MacCells/gaiaFTCL/runtime/sprout-cells/20260428T150023Z/workspace/clone/cells/fusion/macos/GaiaFusion/evidence/iq/iq_receipt.json
[0;32m  ✅ PASS[0m  IQ receipt written: /Users/richardgillespie/Documents/GaiaFTCL-MacCells/gaiaFTCL/runtime/sprout-cells/20260428T150023Z/workspace/clone/cells/fusion/macos/GaiaFusion/evidence/iq/iq_receipt.json

[1m[0;36m── IQ-6: Writing IQ Receipt — MacHealth ──────────────────────────────────────────────[0m
  Receipt: /Users/richardgillespie/Documents/GaiaFTCL-MacCells/gaiaFTCL/runtime/sprout-cells/20260428T150023Z/workspace/clone/cells/fusion/macos/MacHealth/evidence/iq/iq_receipt.json
[0;32m  ✅ PASS[0m  IQ receipt written: /Users/richardgillespie/Documents/GaiaFTCL-MacCells/gaiaFTCL/runtime/sprout-cells/20260428T150023Z/workspace/clone/cells/fusion/macos/MacHealth/evidence/iq/iq_receipt.json

[1m[0;34m╔══════════════════════════════════════════════════════════╗[0m
[1m[0;34m║  IQ COMPLETE[0m
[1m[0;34m╚══════════════════════════════════════════════════════════╝[0m

[0;32m  ✅ MacFusion IQ — PASS[0m
[0;32m  ✅ MacHealth IQ — PASS[0m

  Next step: zsh scripts/gamp5_oq.sh --cell both

