   Compiling proc-macro2 v1.0.106
   Compiling quote v1.0.45
   Compiling unicode-ident v1.0.24
   Compiling serde_core v1.0.228
   Compiling zmij v1.0.21
   Compiling serde_json v1.0.149
   Compiling serde v1.0.228
   Compiling itoa v1.0.18
   Compiling memchr v2.8.0
   Compiling syn v2.0.117
   Compiling serde_derive v1.0.228
   Compiling avatar-core v0.1.0 (/Users/richardgillespie/Documents/GaiaFTCL-MacCells/gaiaFTCL/runtime/sprout-cells/20260428T144744Z/workspace/clone/cells/franklin/avatar/crates/avatar-core)
   Compiling avatar-render v0.1.0 (/Users/richardgillespie/Documents/GaiaFTCL-MacCells/gaiaFTCL/runtime/sprout-cells/20260428T144744Z/workspace/clone/cells/franklin/avatar/crates/avatar-render)
   Compiling avatar-tts v0.1.0 (/Users/richardgillespie/Documents/GaiaFTCL-MacCells/gaiaFTCL/runtime/sprout-cells/20260428T144744Z/workspace/clone/cells/franklin/avatar/crates/avatar-tts)
   Compiling avatar-runtime v0.1.0 (/Users/richardgillespie/Documents/GaiaFTCL-MacCells/gaiaFTCL/runtime/sprout-cells/20260428T144744Z/workspace/clone/cells/franklin/avatar/crates/avatar-runtime)
   Compiling avatar-bridge v0.1.0 (/Users/richardgillespie/Documents/GaiaFTCL-MacCells/gaiaFTCL/runtime/sprout-cells/20260428T144744Z/workspace/clone/cells/franklin/avatar/crates/avatar-bridge)
    Finished `test` profile [unoptimized + debuginfo] target(s) in 4.15s
     Running unittests src/lib.rs (target/debug/deps/avatar_bridge-dc3700970c1d3692)

running 3 tests
test tests::bridge_version_is_exposed ... ok
test tests::bridge_frame_validation_refuses_budget_overrun ... ok
test tests::bridge_returns_viseme_for_non_empty_text ... ok

test result: ok. 3 passed; 0 failed; 0 ignored; 0 measured; 0 filtered out; finished in 0.00s

     Running unittests src/lib.rs (target/debug/deps/avatar_core-a66150e8656b2c53)

running 3 tests
test tests::accepts_frame_at_60hz_budget ... ok
test tests::refuses_frame_over_60hz_budget ... ok
test tests::refuses_frame_over_120hz_budget ... ok

test result: ok. 3 passed; 0 failed; 0 ignored; 0 measured; 0 filtered out; finished in 0.00s

     Running unittests src/lib.rs (target/debug/deps/avatar_render-c5c325e2dbf173e2)

running 2 tests
test tests::exposes_full_seven_pass_chain_in_order ... ok
test tests::frame_ok_follows_core_budget_gate ... ok

test result: ok. 2 passed; 0 failed; 0 ignored; 0 measured; 0 filtered out; finished in 0.00s

     Running unittests src/main.rs (target/debug/deps/avatar_runtime-0070c7591705c1da)

running 0 tests

test result: ok. 0 passed; 0 failed; 0 ignored; 0 measured; 0 filtered out; finished in 0.00s

     Running unittests src/lib.rs (target/debug/deps/avatar_tts-39c326050607ba54)

running 0 tests

test result: ok. 0 passed; 0 failed; 0 ignored; 0 measured; 0 filtered out; finished in 0.00s

   Doc-tests avatar_core

running 0 tests

test result: ok. 0 passed; 0 failed; 0 ignored; 0 measured; 0 filtered out; finished in 0.00s

   Doc-tests avatar_render

running 0 tests

test result: ok. 0 passed; 0 failed; 0 ignored; 0 measured; 0 filtered out; finished in 0.00s

   Doc-tests avatar_tts

running 0 tests

test result: ok. 0 passed; 0 failed; 0 ignored; 0 measured; 0 filtered out; finished in 0.00s

