Building for debugging...
[0/15] Copying franklin_bloom.aiff
[0/15] Write FranklinApp-entitlement.plist
[0/15] Copying franklin_calm.aiff
[0/15] /Users/richardgillespie/Documents/GaiaFTCL-MacCells/gaiaFTCL/runtime/sprout-cells/20260428T144744Z/workspace/clone/GAIAOS/macos/Franklin/.build/arm64-apple-macosx/debug/FranklinPresencePackageTests.derived/runner.swift
[0/15] Write sources
[4/15] Copying franklin_refuse.aiff
[8/15] Write sources
[9/15] Write swift-version--58304C5D6DBC2206.txt
[11/19] Compiling FranklinUIKit GlassMaterial.swift
[12/19] Compiling FranklinUIKit resource_bundle_accessor.swift
[13/19] Compiling FranklinUIKit HouseSpring.swift
[14/19] Emitting module FranklinUIKit
[15/29] Compiling FranklinApp SproutEvidenceCoordinator.swift
[16/29] Compiling FranklinApp FranklinRustBridge.swift
/Users/richardgillespie/Documents/GaiaFTCL-MacCells/gaiaFTCL/runtime/sprout-cells/20260428T144744Z/workspace/clone/GAIAOS/macos/Franklin/Sources/FranklinApp/FranklinRustBridge.swift:44:19: warning: value 'handle' was defined but never used; consider replacing with boolean test [#no-usage]
42 |         guard let dylib = resolveBridgeDylibPath() else { return }
43 |         handle = dlopen(dylib.path, RTLD_NOW)
44 |         guard let handle else { return }
   |                   `- warning: value 'handle' was defined but never used; consider replacing with boolean test [#no-usage]
45 |         versionFn = loadSymbol("franklin_avatar_bridge_version", as: FranklinBridgeVersionFn.self)
46 |         validateFrameFn = loadSymbol("franklin_avatar_validate_frame", as: FranklinBridgeValidateFrameFn.self)
[17/29] Compiling FranklinApp FranklinRecordService.swift
[18/29] Compiling FranklinApp OperatorSurfaceModel.swift
[19/29] Compiling FranklinApp FranklinLanguageGameCatalog.swift
[20/29] Compiling FranklinApp FranklinLiveIOServices.swift
[21/29] Compiling FranklinApp FranklinAvatarRuntime.swift
[22/29] Emitting module FranklinApp
[23/29] Compiling FranklinApp CanvasView.swift
[24/29] Compiling FranklinApp FranklinApp.swift
[24/29] Write Objects.LinkFileList
[25/29] Linking FranklinApp
[26/29] Applying FranklinApp
[28/31] Compiling FranklinPresenceTests FranklinPresenceTests.swift
[29/31] Emitting module FranklinPresenceTests
[30/33] Compiling FranklinPresencePackageTests runner.swift
[31/33] Emitting module FranklinPresencePackageTests
[31/33] Write Objects.LinkFileList
[32/33] Linking FranklinPresencePackageTests
Build complete! (27.18s)
Test Suite 'All tests' started at 2026-04-28 10:48:25.686.
Test Suite 'FranklinPresencePackageTests.xctest' started at 2026-04-28 10:48:25.687.
Test Suite 'FranklinPresenceTests' started at 2026-04-28 10:48:25.688.
Test Case '-[FranklinPresenceTests.FranklinPresenceTests testApprenticeModeNarratesPreflightAndSuccess]' started.
Test Case '-[FranklinPresenceTests.FranklinPresenceTests testApprenticeModeNarratesPreflightAndSuccess]' passed (0.005 seconds).
Test Case '-[FranklinPresenceTests.FranklinPresenceTests testAvatarGreetGuideWritesConversationGuidance]' started.
Test Case '-[FranklinPresenceTests.FranklinPresenceTests testAvatarGreetGuideWritesConversationGuidance]' passed (0.038 seconds).
Test Case '-[FranklinPresenceTests.FranklinPresenceTests testAvatarGuideExposesFacetAndSharedLanguageGames]' started.
Test Case '-[FranklinPresenceTests.FranklinPresenceTests testAvatarGuideExposesFacetAndSharedLanguageGames]' passed (0.000 seconds).
Test Case '-[FranklinPresenceTests.FranklinPresenceTests testAvatarRuntimeBindsBridgeAndRigChannels]' started.
Test Case '-[FranklinPresenceTests.FranklinPresenceTests testAvatarRuntimeBindsBridgeAndRigChannels]' passed (0.001 seconds).
Test Case '-[FranklinPresenceTests.FranklinPresenceTests testAvatarRuntimeUsesMetalHostAndNoSceneKitPrimitives]' started.
Test Case '-[FranklinPresenceTests.FranklinPresenceTests testAvatarRuntimeUsesMetalHostAndNoSceneKitPrimitives]' passed (0.001 seconds).
Test Case '-[FranklinPresenceTests.FranklinPresenceTests testAvatarSourceContainsNoSimulationLanguage]' started.
Test Case '-[FranklinPresenceTests.FranklinPresenceTests testAvatarSourceContainsNoSimulationLanguage]' passed (0.001 seconds).
Test Case '-[FranklinPresenceTests.FranklinPresenceTests testAvatarStageUsesRuntimeRendererContract]' started.
Test Case '-[FranklinPresenceTests.FranklinPresenceTests testAvatarStageUsesRuntimeRendererContract]' passed (0.001 seconds).
Test Case '-[FranklinPresenceTests.FranklinPresenceTests testCalorieOutcomeClearsGuidance]' started.
Test Case '-[FranklinPresenceTests.FranklinPresenceTests testCalorieOutcomeClearsGuidance]' passed (0.001 seconds).
Test Case '-[FranklinPresenceTests.FranklinPresenceTests testCanvasShowsExplicitMissingMeshRefusal]' started.
Test Case '-[FranklinPresenceTests.FranklinPresenceTests testCanvasShowsExplicitMissingMeshRefusal]' passed (0.001 seconds).
Test Case '-[FranklinPresenceTests.FranklinPresenceTests testClassAConfirmationRequiresJustification]' started.
Test Case '-[FranklinPresenceTests.FranklinPresenceTests testClassAConfirmationRequiresJustification]' passed (0.000 seconds).
Test Case '-[FranklinPresenceTests.FranklinPresenceTests testClosureEssayGeneratedFromEvidenceVault]' started.
Test Case '-[FranklinPresenceTests.FranklinPresenceTests testClosureEssayGeneratedFromEvidenceVault]' passed (0.011 seconds).
Test Case '-[FranklinPresenceTests.FranklinPresenceTests testDispatchPayloadContainsPresenceEvidence]' started.
Test Case '-[FranklinPresenceTests.FranklinPresenceTests testDispatchPayloadContainsPresenceEvidence]' passed (0.000 seconds).
Test Case '-[FranklinPresenceTests.FranklinPresenceTests testEvidenceQuerySummarizesRefusalsInChat]' started.
Test Case '-[FranklinPresenceTests.FranklinPresenceTests testEvidenceQuerySummarizesRefusalsInChat]' passed (0.003 seconds).
Test Case '-[FranklinPresenceTests.FranklinPresenceTests testExplainLithographyReceiptAddsWitnessNarration]' started.
Test Case '-[FranklinPresenceTests.FranklinPresenceTests testExplainLithographyReceiptAddsWitnessNarration]' passed (0.001 seconds).
Test Case '-[FranklinPresenceTests.FranklinPresenceTests testExtractRefusalCodeFromJSON]' started.
Test Case '-[FranklinPresenceTests.FranklinPresenceTests testExtractRefusalCodeFromJSON]' passed (0.000 seconds).
Test Case '-[FranklinPresenceTests.FranklinPresenceTests testGroupChatIncludesMultiOperatorAuthorizationAndExchange]' started.
Test Case '-[FranklinPresenceTests.FranklinPresenceTests testGroupChatIncludesMultiOperatorAuthorizationAndExchange]' passed (0.003 seconds).
Test Case '-[FranklinPresenceTests.FranklinPresenceTests testGroupChatNegotiationAddsMultiFacetConversation]' started.
Test Case '-[FranklinPresenceTests.FranklinPresenceTests testGroupChatNegotiationAddsMultiFacetConversation]' passed (0.003 seconds).
Test Case '-[FranklinPresenceTests.FranklinPresenceTests testGuidanceMappingForKnownRefusalCode]' started.
Test Case '-[FranklinPresenceTests.FranklinPresenceTests testGuidanceMappingForKnownRefusalCode]' passed (0.000 seconds).
Test Case '-[FranklinPresenceTests.FranklinPresenceTests testHouseSpringExists]' started.
Test Case '-[FranklinPresenceTests.FranklinPresenceTests testHouseSpringExists]' passed (0.000 seconds).
Test Case '-[FranklinPresenceTests.FranklinPresenceTests testLatestReceiptByFacet]' started.
Test Case '-[FranklinPresenceTests.FranklinPresenceTests testLatestReceiptByFacet]' passed (0.000 seconds).
Test Case '-[FranklinPresenceTests.FranklinPresenceTests testLithographyCalorieAddsCharacterizationNarration]' started.
Test Case '-[FranklinPresenceTests.FranklinPresenceTests testLithographyCalorieAddsCharacterizationNarration]' passed (0.001 seconds).
Test Case '-[FranklinPresenceTests.FranklinPresenceTests testLithographyCatalogIncludesMaterialScienceGames]' started.
Test Case '-[FranklinPresenceTests.FranklinPresenceTests testLithographyCatalogIncludesMaterialScienceGames]' passed (0.000 seconds).
Test Case '-[FranklinPresenceTests.FranklinPresenceTests testLithographyRefusalNarrationAddedToConversation]' started.
Test Case '-[FranklinPresenceTests.FranklinPresenceTests testLithographyRefusalNarrationAddedToConversation]' passed (0.001 seconds).
Test Case '-[FranklinPresenceTests.FranklinPresenceTests testLiveIOServicesUseAppleLocalFrameworks]' started.
Test Case '-[FranklinPresenceTests.FranklinPresenceTests testLiveIOServicesUseAppleLocalFrameworks]' passed (0.000 seconds).
Test Case '-[FranklinPresenceTests.FranklinPresenceTests testPrimaryWindowContractIsFullFranklinUI]' started.
Test Case '-[FranklinPresenceTests.FranklinPresenceTests testPrimaryWindowContractIsFullFranklinUI]' passed (0.001 seconds).
Test Case '-[FranklinPresenceTests.FranklinPresenceTests testRecordingToggleWritesReceiptPath]' started.
Test Case '-[FranklinPresenceTests.FranklinPresenceTests testRecordingToggleWritesReceiptPath]' passed (0.002 seconds).
Test Case '-[FranklinPresenceTests.FranklinPresenceTests testRefusalOutcomeSetsGuidanceAndBloom]' started.
Test Case '-[FranklinPresenceTests.FranklinPresenceTests testRefusalOutcomeSetsGuidanceAndBloom]' passed (0.000 seconds).
Test Case '-[FranklinPresenceTests.FranklinPresenceTests testRustBridgeLoadsDeterministicSymbols]' started.
Test Case '-[FranklinPresenceTests.FranklinPresenceTests testRustBridgeLoadsDeterministicSymbols]' passed (0.000 seconds).
Test Case '-[FranklinPresenceTests.FranklinPresenceTests testSignedUtteranceReceiptsAreHashChained]' started.
Test Case '-[FranklinPresenceTests.FranklinPresenceTests testSignedUtteranceReceiptsAreHashChained]' passed (0.001 seconds).
Test Case '-[FranklinPresenceTests.FranklinPresenceTests testSproutVisibleReceiptCarriesLifelikeInvariantFields]' started.
Test Case '-[FranklinPresenceTests.FranklinPresenceTests testSproutVisibleReceiptCarriesLifelikeInvariantFields]' passed (0.000 seconds).
Test Case '-[FranklinPresenceTests.FranklinPresenceTests testThreeRefusalsTriggerStateOfMindIntervention]' started.
Test Case '-[FranklinPresenceTests.FranklinPresenceTests testThreeRefusalsTriggerStateOfMindIntervention]' passed (0.001 seconds).
Test Case '-[FranklinPresenceTests.FranklinPresenceTests testVisibleContractBuilderResolvesBundleAndCountsMaterialRigAssets]' started.
Test Case '-[FranklinPresenceTests.FranklinPresenceTests testVisibleContractBuilderResolvesBundleAndCountsMaterialRigAssets]' passed (0.011 seconds).
Test Suite 'FranklinPresenceTests' passed at 2026-04-28 10:48:25.777.
	 Executed 32 tests, with 0 failures (0 unexpected) in 0.087 (0.090) seconds
Test Suite 'FranklinPresencePackageTests.xctest' passed at 2026-04-28 10:48:25.778.
	 Executed 32 tests, with 0 failures (0 unexpected) in 0.087 (0.090) seconds
Test Suite 'All tests' passed at 2026-04-28 10:48:25.778.
	 Executed 32 tests, with 0 failures (0 unexpected) in 0.087 (0.091) seconds
◇ Test run started.
↳ Testing Library Version: 1743
↳ Target Platform: arm64e-apple-macos14.0
✔ Test run with 0 tests in 0 suites passed after 0.001 seconds.
