2026-04-09T05:27:06-04:00 START playwright_watch ROOT=/Users/richardgillespie/Documents/FoT8D/GAIAOS pid=38506 interval=900s max_cycles=0
2026-04-09T05:27:06-04:00 START precompile: build_metal_lib
2026-04-09T05:27:08-04:00 PASS precompile: build_metal_lib
2026-04-09T05:27:08-04:00 CYCLE_START 1 on 2026-04-09T05:27:08-04:00
2026-04-09T05:27:08-04:00 START: WASM self-heal attempt=1

> gaiaos_ui_web@0.1.0 test:e2e:fusion
> playwright test --config=playwright.fusion.config.ts tests/fusion/fusion_s4_console.spec.ts -g WASM UI self-heals missing anchors and UI state without external input


Running 1 test using 1 worker

(node:38652) Warning: The 'NO_COLOR' env is ignored due to the 'FORCE_COLOR' env being set.
(Use `node --trace-warnings ...` to show where the warning was created)
(node:38652) Warning: The 'NO_COLOR' env is ignored due to the 'FORCE_COLOR' env being set.
(Use `node --trace-warnings ...` to show where the warning was created)
  ✓  1 [chromium] › tests/fusion/fusion_s4_console.spec.ts:684:7 › Fusion S4 console › WASM UI self-heals missing anchors and UI state without external input (2.0s)

  1 passed (3.7s)
2026-04-09T05:27:14-04:00 PASS: WASM self-heal attempt=1
2026-04-09T05:27:14-04:00 START: Fusion full suite attempt=1

> gaiaos_ui_web@0.1.0 test:e2e:fusion
> playwright test --config=playwright.fusion.config.ts


Running 20 tests using 1 worker

(node:38755) Warning: The 'NO_COLOR' env is ignored due to the 'FORCE_COLOR' env being set.
(Use `node --trace-warnings ...` to show where the warning was created)
(node:38755) Warning: The 'NO_COLOR' env is ignored due to the 'FORCE_COLOR' env being set.
(Use `node --trace-warnings ...` to show where the warning was created)
  -   1 [chromium] › tests/fusion/fusion_dashboard_visual_witness.spec.ts:16:7 › Fusion Dashboard visual witness › fusion-s4 rendered + high-res PNG
  -   2 [chromium] › tests/fusion/fusion_matrix_e2e.spec.ts:4:7 › Fusion matrix API (slow) › runMatrix=1 with minimal cycles when FUSION_MATRIX_E2E=1
  ✓   3 [chromium] › tests/fusion/fusion_s4_console.spec.ts:265:7 › Fusion S4 console › GET /api/fusion/s4-projection contract (39ms)
  ✓   4 [chromium] › tests/fusion/fusion_s4_console.spec.ts:381:7 › Fusion S4 console › GET /api/fusion/mesh-operator-spine contract (14ms)
  ✓   5 [chromium] › tests/fusion/fusion_s4_console.spec.ts:389:7 › Fusion S4 console › GET /api/fusion/soak-summary contract (29ms)
  ✓   6 [chromium] › tests/fusion/fusion_s4_console.spec.ts:411:7 › Fusion S4 console › GET /api/fusion/challenge-ledger read contract (11ms)
  ✓   7 [chromium] › tests/fusion/fusion_s4_console.spec.ts:419:7 › Fusion S4 console › POST /api/fusion/challenge-ledger registers team (secret) (10ms)
  ✓   8 [chromium] › tests/fusion/fusion_s4_console.spec.ts:441:7 › Fusion S4 console › GET /api/fusion/global-challenge-digest (13ms)
  ✓   9 [chromium] › tests/fusion/fusion_s4_console.spec.ts:451:7 › Fusion S4 console › GET /api/fusion/soak-summary markdown export (53ms)
  ✓  10 [chromium] › tests/fusion/fusion_s4_console.spec.ts:460:7 › Fusion S4 console › /fusion-s4 UI panels (403ms)
  ✓  11 [chromium] › tests/fusion/fusion_s4_console.spec.ts:480:7 › Fusion S4 console › WASM projection event propagates from bridge payload to control shell and viewport (647ms)
  ✓  12 [chromium] › tests/fusion/fusion_s4_console.spec.ts:684:7 › Fusion S4 console › WASM UI self-heals missing anchors and UI state without external input (1.3s)
  ✓  13 [chromium] › tests/fusion/fusion_s4_console.spec.ts:807:7 › Fusion S4 console › Soak table lists four JSONL tracks (360ms)
  ✓  14 [chromium] › tests/fusion/fusion_s4_console.spec.ts:814:7 › Fusion S4 console › OpenUSD gameplay witness: run matrix + USD overlay hash (435ms)
  ✘  15 [chromium] › tests/fusion/fusion_s4_console.spec.ts:855:7 › Fusion S4 console › MSV Stage 4 linguistic eversion + low-latency MUTATE_VARIANT witness (5.4s)
(node:38920) Warning: The 'NO_COLOR' env is ignored due to the 'FORCE_COLOR' env being set.
(Use `node --trace-warnings ...` to show where the warning was created)
(node:38920) Warning: The 'NO_COLOR' env is ignored due to the 'FORCE_COLOR' env being set.
(Use `node --trace-warnings ...` to show where the warning was created)
  ✓  16 [chromium] › tests/fusion/fusion_s4_doc.spec.ts:11:7 › Fusion S4 documentation capture › full-page screenshot @fusion-doc (325ms)
  ✓  17 [chromium] › tests/fusion/gate1_page.spec.ts:7:7 › GATE1 page › gate1 page loads and shows custody copy (241ms)
  ✓  18 [chromium] › tests/fusion/gate1_page.spec.ts:13:7 › GATE1 page › gate1-register-options GET returns JSON (12ms)
  ✓  19 [chromium] › tests/fusion/gate1_page.spec.ts:21:7 › GATE1 page › gate1-register-options POST is 403 until GATE1_LIFT=1 (9ms)
  -  20 [chromium] › tests/fusion/mesh_game_runner_capture.spec.ts:90:7 › Mesh game runner capture › capture all mesh domain GUI gameplay without Discord


  1) [chromium] › tests/fusion/fusion_s4_console.spec.ts:855:7 › Fusion S4 console › MSV Stage 4 linguistic eversion + low-latency MUTATE_VARIANT witness 

    TimeoutError: page.waitForFunction: Timeout 5000ms exceeded.

      958 |       expect(postActionTsDispatchBaseline).toBeGreaterThan(0);
      959 |
    > 960 |       const post = await page.waitForFunction(
          |                               ^
      961 |         ({ locale, beforeCount }) => {
      962 |           const witness = (window as unknown as { __fusionVariantWitness?: { messages: Array<Record<string, unknown>> } })
      963 |             .__fusionVariantWitness;
        at /Users/richardgillespie/Documents/FoT8D/GAIAOS/services/gaiaos_ui_web/tests/fusion/fusion_s4_console.spec.ts:960:31

    attachment #1: screenshot (image/png) ──────────────────────────────────────────────────────────
    test-results/fusion_s4_console-Fusion-S-b8297-ency-MUTATE-VARIANT-witness-chromium/test-failed-1.png
    ────────────────────────────────────────────────────────────────────────────────────────────────

    Error Context: test-results/fusion_s4_console-Fusion-S-b8297-ency-MUTATE-VARIANT-witness-chromium/error-context.md

  1 failed
    [chromium] › tests/fusion/fusion_s4_console.spec.ts:855:7 › Fusion S4 console › MSV Stage 4 linguistic eversion + low-latency MUTATE_VARIANT witness 
  3 skipped
  16 passed (11.9s)
2026-04-09T05:27:27-04:00 RETRY: Fusion full suite rc=1, re-run in 10s (attempt 2)
2026-04-09T05:27:37-04:00 START: Fusion full suite attempt=2

> gaiaos_ui_web@0.1.0 test:e2e:fusion
> playwright test --config=playwright.fusion.config.ts


Running 20 tests using 1 worker

(node:39155) Warning: The 'NO_COLOR' env is ignored due to the 'FORCE_COLOR' env being set.
(Use `node --trace-warnings ...` to show where the warning was created)
(node:39155) Warning: The 'NO_COLOR' env is ignored due to the 'FORCE_COLOR' env being set.
(Use `node --trace-warnings ...` to show where the warning was created)
  -   1 [chromium] › tests/fusion/fusion_dashboard_visual_witness.spec.ts:16:7 › Fusion Dashboard visual witness › fusion-s4 rendered + high-res PNG
  -   2 [chromium] › tests/fusion/fusion_matrix_e2e.spec.ts:4:7 › Fusion matrix API (slow) › runMatrix=1 with minimal cycles when FUSION_MATRIX_E2E=1
  ✓   3 [chromium] › tests/fusion/fusion_s4_console.spec.ts:265:7 › Fusion S4 console › GET /api/fusion/s4-projection contract (42ms)
  ✓   4 [chromium] › tests/fusion/fusion_s4_console.spec.ts:381:7 › Fusion S4 console › GET /api/fusion/mesh-operator-spine contract (11ms)
  ✓   5 [chromium] › tests/fusion/fusion_s4_console.spec.ts:389:7 › Fusion S4 console › GET /api/fusion/soak-summary contract (23ms)
  ✓   6 [chromium] › tests/fusion/fusion_s4_console.spec.ts:411:7 › Fusion S4 console › GET /api/fusion/challenge-ledger read contract (8ms)
  ✓   7 [chromium] › tests/fusion/fusion_s4_console.spec.ts:419:7 › Fusion S4 console › POST /api/fusion/challenge-ledger registers team (secret) (11ms)
  ✓   8 [chromium] › tests/fusion/fusion_s4_console.spec.ts:441:7 › Fusion S4 console › GET /api/fusion/global-challenge-digest (10ms)
  ✓   9 [chromium] › tests/fusion/fusion_s4_console.spec.ts:451:7 › Fusion S4 console › GET /api/fusion/soak-summary markdown export (42ms)
  ✓  10 [chromium] › tests/fusion/fusion_s4_console.spec.ts:460:7 › Fusion S4 console › /fusion-s4 UI panels (406ms)
  ✓  11 [chromium] › tests/fusion/fusion_s4_console.spec.ts:480:7 › Fusion S4 console › WASM projection event propagates from bridge payload to control shell and viewport (635ms)
  ✓  12 [chromium] › tests/fusion/fusion_s4_console.spec.ts:684:7 › Fusion S4 console › WASM UI self-heals missing anchors and UI state without external input (1.8s)
  ✓  13 [chromium] › tests/fusion/fusion_s4_console.spec.ts:807:7 › Fusion S4 console › Soak table lists four JSONL tracks (461ms)
  ✓  14 [chromium] › tests/fusion/fusion_s4_console.spec.ts:814:7 › Fusion S4 console › OpenUSD gameplay witness: run matrix + USD overlay hash (668ms)
  ✓  15 [chromium] › tests/fusion/fusion_s4_console.spec.ts:855:7 › Fusion S4 console › MSV Stage 4 linguistic eversion + low-latency MUTATE_VARIANT witness (699ms)
  ✓  16 [chromium] › tests/fusion/fusion_s4_doc.spec.ts:11:7 › Fusion S4 documentation capture › full-page screenshot @fusion-doc (287ms)
  ✓  17 [chromium] › tests/fusion/gate1_page.spec.ts:7:7 › GATE1 page › gate1 page loads and shows custody copy (244ms)
  ✓  18 [chromium] › tests/fusion/gate1_page.spec.ts:13:7 › GATE1 page › gate1-register-options GET returns JSON (11ms)
  ✓  19 [chromium] › tests/fusion/gate1_page.spec.ts:21:7 › GATE1 page › gate1-register-options POST is 403 until GATE1_LIFT=1 (8ms)
  -  20 [chromium] › tests/fusion/mesh_game_runner_capture.spec.ts:90:7 › Mesh game runner capture › capture all mesh domain GUI gameplay without Discord

  3 skipped
  17 passed (6.9s)
2026-04-09T05:27:46-04:00 PASS: Fusion full suite attempt=2
2026-04-09T05:27:46-04:00 CYCLE_PASS cycle=1 terminal=CURE self_rc=0 full_rc=0 elapsed=38s
2026-04-09T05:27:46-04:00 SLEEP cycle=1 interval=900
2026-04-09T05:42:46-04:00 CYCLE_START 2 on 2026-04-09T05:42:46-04:00
2026-04-09T05:42:46-04:00 START: WASM self-heal attempt=1

> gaiaos_ui_web@0.1.0 test:e2e:fusion
> playwright test --config=playwright.fusion.config.ts tests/fusion/fusion_s4_console.spec.ts -g WASM UI self-heals missing anchors and UI state without external input


Running 1 test using 1 worker

(node:59657) Warning: The 'NO_COLOR' env is ignored due to the 'FORCE_COLOR' env being set.
(Use `node --trace-warnings ...` to show where the warning was created)
(node:59657) Warning: The 'NO_COLOR' env is ignored due to the 'FORCE_COLOR' env being set.
(Use `node --trace-warnings ...` to show where the warning was created)
  ✓  1 [chromium] › tests/fusion/fusion_s4_console.spec.ts:684:7 › Fusion S4 console › WASM UI self-heals missing anchors and UI state without external input (1.9s)

  1 passed (3.5s)
2026-04-09T05:42:52-04:00 PASS: WASM self-heal attempt=1
2026-04-09T05:42:52-04:00 START: Fusion full suite attempt=1

> gaiaos_ui_web@0.1.0 test:e2e:fusion
> playwright test --config=playwright.fusion.config.ts


Running 20 tests using 1 worker

(node:59803) Warning: The 'NO_COLOR' env is ignored due to the 'FORCE_COLOR' env being set.
(Use `node --trace-warnings ...` to show where the warning was created)
(node:59803) Warning: The 'NO_COLOR' env is ignored due to the 'FORCE_COLOR' env being set.
(Use `node --trace-warnings ...` to show where the warning was created)
  -   1 [chromium] › tests/fusion/fusion_dashboard_visual_witness.spec.ts:16:7 › Fusion Dashboard visual witness › fusion-s4 rendered + high-res PNG
  -   2 [chromium] › tests/fusion/fusion_matrix_e2e.spec.ts:4:7 › Fusion matrix API (slow) › runMatrix=1 with minimal cycles when FUSION_MATRIX_E2E=1
  ✓   3 [chromium] › tests/fusion/fusion_s4_console.spec.ts:265:7 › Fusion S4 console › GET /api/fusion/s4-projection contract (40ms)
  ✓   4 [chromium] › tests/fusion/fusion_s4_console.spec.ts:381:7 › Fusion S4 console › GET /api/fusion/mesh-operator-spine contract (11ms)
  ✓   5 [chromium] › tests/fusion/fusion_s4_console.spec.ts:389:7 › Fusion S4 console › GET /api/fusion/soak-summary contract (22ms)
  ✓   6 [chromium] › tests/fusion/fusion_s4_console.spec.ts:411:7 › Fusion S4 console › GET /api/fusion/challenge-ledger read contract (8ms)
  ✓   7 [chromium] › tests/fusion/fusion_s4_console.spec.ts:419:7 › Fusion S4 console › POST /api/fusion/challenge-ledger registers team (secret) (10ms)
  ✓   8 [chromium] › tests/fusion/fusion_s4_console.spec.ts:441:7 › Fusion S4 console › GET /api/fusion/global-challenge-digest (11ms)
  ✓   9 [chromium] › tests/fusion/fusion_s4_console.spec.ts:451:7 › Fusion S4 console › GET /api/fusion/soak-summary markdown export (50ms)
  ✓  10 [chromium] › tests/fusion/fusion_s4_console.spec.ts:460:7 › Fusion S4 console › /fusion-s4 UI panels (397ms)
  ✓  11 [chromium] › tests/fusion/fusion_s4_console.spec.ts:480:7 › Fusion S4 console › WASM projection event propagates from bridge payload to control shell and viewport (631ms)
  ✓  12 [chromium] › tests/fusion/fusion_s4_console.spec.ts:684:7 › Fusion S4 console › WASM UI self-heals missing anchors and UI state without external input (1.3s)
  ✓  13 [chromium] › tests/fusion/fusion_s4_console.spec.ts:807:7 › Fusion S4 console › Soak table lists four JSONL tracks (366ms)
  ✓  14 [chromium] › tests/fusion/fusion_s4_console.spec.ts:814:7 › Fusion S4 console › OpenUSD gameplay witness: run matrix + USD overlay hash (431ms)
  ✓  15 [chromium] › tests/fusion/fusion_s4_console.spec.ts:855:7 › Fusion S4 console › MSV Stage 4 linguistic eversion + low-latency MUTATE_VARIANT witness (677ms)
  ✓  16 [chromium] › tests/fusion/fusion_s4_doc.spec.ts:11:7 › Fusion S4 documentation capture › full-page screenshot @fusion-doc (262ms)
  ✓  17 [chromium] › tests/fusion/gate1_page.spec.ts:7:7 › GATE1 page › gate1 page loads and shows custody copy (248ms)
  ✓  18 [chromium] › tests/fusion/gate1_page.spec.ts:13:7 › GATE1 page › gate1-register-options GET returns JSON (15ms)
  ✓  19 [chromium] › tests/fusion/gate1_page.spec.ts:21:7 › GATE1 page › gate1-register-options POST is 403 until GATE1_LIFT=1 (8ms)
  -  20 [chromium] › tests/fusion/mesh_game_runner_capture.spec.ts:90:7 › Mesh game runner capture › capture all mesh domain GUI gameplay without Discord

  3 skipped
  17 passed (5.9s)
2026-04-09T05:43:00-04:00 PASS: Fusion full suite attempt=1
2026-04-09T05:43:00-04:00 CYCLE_PASS cycle=2 terminal=CURE self_rc=0 full_rc=0 elapsed=14s
2026-04-09T05:43:00-04:00 SLEEP cycle=2 interval=900
2026-04-09T05:58:00-04:00 CYCLE_START 3 on 2026-04-09T05:58:00-04:00
2026-04-09T05:58:00-04:00 START: WASM self-heal attempt=1

> gaiaos_ui_web@0.1.0 test:e2e:fusion
> playwright test --config=playwright.fusion.config.ts tests/fusion/fusion_s4_console.spec.ts -g WASM UI self-heals missing anchors and UI state without external input


Running 1 test using 1 worker

(node:77866) Warning: The 'NO_COLOR' env is ignored due to the 'FORCE_COLOR' env being set.
(Use `node --trace-warnings ...` to show where the warning was created)
(node:77866) Warning: The 'NO_COLOR' env is ignored due to the 'FORCE_COLOR' env being set.
(Use `node --trace-warnings ...` to show where the warning was created)
  ✓  1 [chromium] › tests/fusion/fusion_s4_console.spec.ts:684:7 › Fusion S4 console › WASM UI self-heals missing anchors and UI state without external input (1.9s)

  1 passed (4.6s)
2026-04-09T05:58:08-04:00 PASS: WASM self-heal attempt=1
2026-04-09T05:58:08-04:00 START: Fusion full suite attempt=1

> gaiaos_ui_web@0.1.0 test:e2e:fusion
> playwright test --config=playwright.fusion.config.ts


Running 20 tests using 1 worker

(node:78033) Warning: The 'NO_COLOR' env is ignored due to the 'FORCE_COLOR' env being set.
(Use `node --trace-warnings ...` to show where the warning was created)
(node:78033) Warning: The 'NO_COLOR' env is ignored due to the 'FORCE_COLOR' env being set.
(Use `node --trace-warnings ...` to show where the warning was created)
  -   1 [chromium] › tests/fusion/fusion_dashboard_visual_witness.spec.ts:16:7 › Fusion Dashboard visual witness › fusion-s4 rendered + high-res PNG
  -   2 [chromium] › tests/fusion/fusion_matrix_e2e.spec.ts:4:7 › Fusion matrix API (slow) › runMatrix=1 with minimal cycles when FUSION_MATRIX_E2E=1
  ✓   3 [chromium] › tests/fusion/fusion_s4_console.spec.ts:265:7 › Fusion S4 console › GET /api/fusion/s4-projection contract (53ms)
  ✓   4 [chromium] › tests/fusion/fusion_s4_console.spec.ts:381:7 › Fusion S4 console › GET /api/fusion/mesh-operator-spine contract (14ms)
  ✓   5 [chromium] › tests/fusion/fusion_s4_console.spec.ts:389:7 › Fusion S4 console › GET /api/fusion/soak-summary contract (30ms)
  ✓   6 [chromium] › tests/fusion/fusion_s4_console.spec.ts:411:7 › Fusion S4 console › GET /api/fusion/challenge-ledger read contract (75ms)
  ✓   7 [chromium] › tests/fusion/fusion_s4_console.spec.ts:419:7 › Fusion S4 console › POST /api/fusion/challenge-ledger registers team (secret) (15ms)
  ✓   8 [chromium] › tests/fusion/fusion_s4_console.spec.ts:441:7 › Fusion S4 console › GET /api/fusion/global-challenge-digest (28ms)
  ✓   9 [chromium] › tests/fusion/fusion_s4_console.spec.ts:451:7 › Fusion S4 console › GET /api/fusion/soak-summary markdown export (75ms)
  ✓  10 [chromium] › tests/fusion/fusion_s4_console.spec.ts:460:7 › Fusion S4 console › /fusion-s4 UI panels (487ms)
  ✓  11 [chromium] › tests/fusion/fusion_s4_console.spec.ts:480:7 › Fusion S4 console › WASM projection event propagates from bridge payload to control shell and viewport (840ms)
  ✓  12 [chromium] › tests/fusion/fusion_s4_console.spec.ts:684:7 › Fusion S4 console › WASM UI self-heals missing anchors and UI state without external input (1.6s)
  ✓  13 [chromium] › tests/fusion/fusion_s4_console.spec.ts:807:7 › Fusion S4 console › Soak table lists four JSONL tracks (430ms)
  ✓  14 [chromium] › tests/fusion/fusion_s4_console.spec.ts:814:7 › Fusion S4 console › OpenUSD gameplay witness: run matrix + USD overlay hash (556ms)
  ✓  15 [chromium] › tests/fusion/fusion_s4_console.spec.ts:855:7 › Fusion S4 console › MSV Stage 4 linguistic eversion + low-latency MUTATE_VARIANT witness (838ms)
  ✓  16 [chromium] › tests/fusion/fusion_s4_doc.spec.ts:11:7 › Fusion S4 documentation capture › full-page screenshot @fusion-doc (381ms)
  ✓  17 [chromium] › tests/fusion/gate1_page.spec.ts:7:7 › GATE1 page › gate1 page loads and shows custody copy (294ms)
  ✓  18 [chromium] › tests/fusion/gate1_page.spec.ts:13:7 › GATE1 page › gate1-register-options GET returns JSON (10ms)
  ✓  19 [chromium] › tests/fusion/gate1_page.spec.ts:21:7 › GATE1 page › gate1-register-options POST is 403 until GATE1_LIFT=1 (10ms)
  -  20 [chromium] › tests/fusion/mesh_game_runner_capture.spec.ts:90:7 › Mesh game runner capture › capture all mesh domain GUI gameplay without Discord

  3 skipped
  17 passed (7.8s)
2026-04-09T05:58:18-04:00 PASS: Fusion full suite attempt=1
2026-04-09T05:58:18-04:00 CYCLE_PASS cycle=3 terminal=CURE self_rc=0 full_rc=0 elapsed=18s
2026-04-09T05:58:18-04:00 SLEEP cycle=3 interval=900
2026-04-09T06:13:18-04:00 CYCLE_START 4 on 2026-04-09T06:13:18-04:00
2026-04-09T06:13:18-04:00 START: WASM self-heal attempt=1

> gaiaos_ui_web@0.1.0 test:e2e:fusion
> playwright test --config=playwright.fusion.config.ts tests/fusion/fusion_s4_console.spec.ts -g WASM UI self-heals missing anchors and UI state without external input


Running 1 test using 1 worker

(node:94469) Warning: The 'NO_COLOR' env is ignored due to the 'FORCE_COLOR' env being set.
(Use `node --trace-warnings ...` to show where the warning was created)
(node:94469) Warning: The 'NO_COLOR' env is ignored due to the 'FORCE_COLOR' env being set.
(Use `node --trace-warnings ...` to show where the warning was created)
  ✓  1 [chromium] › tests/fusion/fusion_s4_console.spec.ts:684:7 › Fusion S4 console › WASM UI self-heals missing anchors and UI state without external input (1.7s)

  1 passed (3.1s)
2026-04-09T06:13:23-04:00 PASS: WASM self-heal attempt=1
2026-04-09T06:13:23-04:00 START: Fusion full suite attempt=1

> gaiaos_ui_web@0.1.0 test:e2e:fusion
> playwright test --config=playwright.fusion.config.ts


Running 20 tests using 1 worker

(node:94612) Warning: The 'NO_COLOR' env is ignored due to the 'FORCE_COLOR' env being set.
(Use `node --trace-warnings ...` to show where the warning was created)
(node:94612) Warning: The 'NO_COLOR' env is ignored due to the 'FORCE_COLOR' env being set.
(Use `node --trace-warnings ...` to show where the warning was created)
  -   1 [chromium] › tests/fusion/fusion_dashboard_visual_witness.spec.ts:16:7 › Fusion Dashboard visual witness › fusion-s4 rendered + high-res PNG
  -   2 [chromium] › tests/fusion/fusion_matrix_e2e.spec.ts:4:7 › Fusion matrix API (slow) › runMatrix=1 with minimal cycles when FUSION_MATRIX_E2E=1
  ✓   3 [chromium] › tests/fusion/fusion_s4_console.spec.ts:265:7 › Fusion S4 console › GET /api/fusion/s4-projection contract (51ms)
  ✓   4 [chromium] › tests/fusion/fusion_s4_console.spec.ts:381:7 › Fusion S4 console › GET /api/fusion/mesh-operator-spine contract (14ms)
  ✓   5 [chromium] › tests/fusion/fusion_s4_console.spec.ts:389:7 › Fusion S4 console › GET /api/fusion/soak-summary contract (30ms)
  ✓   6 [chromium] › tests/fusion/fusion_s4_console.spec.ts:411:7 › Fusion S4 console › GET /api/fusion/challenge-ledger read contract (11ms)
  ✓   7 [chromium] › tests/fusion/fusion_s4_console.spec.ts:419:7 › Fusion S4 console › POST /api/fusion/challenge-ledger registers team (secret) (49ms)
  ✓   8 [chromium] › tests/fusion/fusion_s4_console.spec.ts:441:7 › Fusion S4 console › GET /api/fusion/global-challenge-digest (14ms)
  ✓   9 [chromium] › tests/fusion/fusion_s4_console.spec.ts:451:7 › Fusion S4 console › GET /api/fusion/soak-summary markdown export (55ms)
  ✓  10 [chromium] › tests/fusion/fusion_s4_console.spec.ts:460:7 › Fusion S4 console › /fusion-s4 UI panels (401ms)
  ✓  11 [chromium] › tests/fusion/fusion_s4_console.spec.ts:480:7 › Fusion S4 console › WASM projection event propagates from bridge payload to control shell and viewport (492ms)
  ✓  12 [chromium] › tests/fusion/fusion_s4_console.spec.ts:684:7 › Fusion S4 console › WASM UI self-heals missing anchors and UI state without external input (1.3s)
  ✓  13 [chromium] › tests/fusion/fusion_s4_console.spec.ts:807:7 › Fusion S4 console › Soak table lists four JSONL tracks (376ms)
  ✓  14 [chromium] › tests/fusion/fusion_s4_console.spec.ts:814:7 › Fusion S4 console › OpenUSD gameplay witness: run matrix + USD overlay hash (430ms)
  ✓  15 [chromium] › tests/fusion/fusion_s4_console.spec.ts:855:7 › Fusion S4 console › MSV Stage 4 linguistic eversion + low-latency MUTATE_VARIANT witness (662ms)
  ✓  16 [chromium] › tests/fusion/fusion_s4_doc.spec.ts:11:7 › Fusion S4 documentation capture › full-page screenshot @fusion-doc (312ms)
  ✓  17 [chromium] › tests/fusion/gate1_page.spec.ts:7:7 › GATE1 page › gate1 page loads and shows custody copy (230ms)
  ✓  18 [chromium] › tests/fusion/gate1_page.spec.ts:13:7 › GATE1 page › gate1-register-options GET returns JSON (9ms)
  ✓  19 [chromium] › tests/fusion/gate1_page.spec.ts:21:7 › GATE1 page › gate1-register-options POST is 403 until GATE1_LIFT=1 (7ms)
  -  20 [chromium] › tests/fusion/mesh_game_runner_capture.spec.ts:90:7 › Mesh game runner capture › capture all mesh domain GUI gameplay without Discord

  3 skipped
  17 passed (5.9s)
2026-04-09T06:13:31-04:00 PASS: Fusion full suite attempt=1
2026-04-09T06:13:31-04:00 CYCLE_PASS cycle=4 terminal=CURE self_rc=0 full_rc=0 elapsed=13s
2026-04-09T06:13:31-04:00 SLEEP cycle=4 interval=900
2026-04-09T06:28:31-04:00 CYCLE_START 5 on 2026-04-09T06:28:31-04:00
2026-04-09T06:28:31-04:00 START: WASM self-heal attempt=1

> gaiaos_ui_web@0.1.0 test:e2e:fusion
> playwright test --config=playwright.fusion.config.ts tests/fusion/fusion_s4_console.spec.ts -g WASM UI self-heals missing anchors and UI state without external input


Running 1 test using 1 worker

(node:16048) Warning: The 'NO_COLOR' env is ignored due to the 'FORCE_COLOR' env being set.
(Use `node --trace-warnings ...` to show where the warning was created)
(node:16048) Warning: The 'NO_COLOR' env is ignored due to the 'FORCE_COLOR' env being set.
(Use `node --trace-warnings ...` to show where the warning was created)
  ✓  1 [chromium] › tests/fusion/fusion_s4_console.spec.ts:684:7 › Fusion S4 console › WASM UI self-heals missing anchors and UI state without external input (1.9s)

  1 passed (3.5s)
2026-04-09T06:28:37-04:00 PASS: WASM self-heal attempt=1
2026-04-09T06:28:37-04:00 START: Fusion full suite attempt=1

> gaiaos_ui_web@0.1.0 test:e2e:fusion
> playwright test --config=playwright.fusion.config.ts


Running 20 tests using 1 worker

(node:16182) Warning: The 'NO_COLOR' env is ignored due to the 'FORCE_COLOR' env being set.
(Use `node --trace-warnings ...` to show where the warning was created)
(node:16182) Warning: The 'NO_COLOR' env is ignored due to the 'FORCE_COLOR' env being set.
(Use `node --trace-warnings ...` to show where the warning was created)
  -   1 [chromium] › tests/fusion/fusion_dashboard_visual_witness.spec.ts:16:7 › Fusion Dashboard visual witness › fusion-s4 rendered + high-res PNG
  -   2 [chromium] › tests/fusion/fusion_matrix_e2e.spec.ts:4:7 › Fusion matrix API (slow) › runMatrix=1 with minimal cycles when FUSION_MATRIX_E2E=1
  ✓   3 [chromium] › tests/fusion/fusion_s4_console.spec.ts:265:7 › Fusion S4 console › GET /api/fusion/s4-projection contract (45ms)
  ✓   4 [chromium] › tests/fusion/fusion_s4_console.spec.ts:381:7 › Fusion S4 console › GET /api/fusion/mesh-operator-spine contract (12ms)
  ✓   5 [chromium] › tests/fusion/fusion_s4_console.spec.ts:389:7 › Fusion S4 console › GET /api/fusion/soak-summary contract (22ms)
  ✓   6 [chromium] › tests/fusion/fusion_s4_console.spec.ts:411:7 › Fusion S4 console › GET /api/fusion/challenge-ledger read contract (8ms)
  ✓   7 [chromium] › tests/fusion/fusion_s4_console.spec.ts:419:7 › Fusion S4 console › POST /api/fusion/challenge-ledger registers team (secret) (11ms)
  ✓   8 [chromium] › tests/fusion/fusion_s4_console.spec.ts:441:7 › Fusion S4 console › GET /api/fusion/global-challenge-digest (11ms)
  ✓   9 [chromium] › tests/fusion/fusion_s4_console.spec.ts:451:7 › Fusion S4 console › GET /api/fusion/soak-summary markdown export (52ms)
  ✓  10 [chromium] › tests/fusion/fusion_s4_console.spec.ts:460:7 › Fusion S4 console › /fusion-s4 UI panels (391ms)
  ✓  11 [chromium] › tests/fusion/fusion_s4_console.spec.ts:480:7 › Fusion S4 console › WASM projection event propagates from bridge payload to control shell and viewport (574ms)
  ✓  12 [chromium] › tests/fusion/fusion_s4_console.spec.ts:684:7 › Fusion S4 console › WASM UI self-heals missing anchors and UI state without external input (1.4s)
  ✓  13 [chromium] › tests/fusion/fusion_s4_console.spec.ts:807:7 › Fusion S4 console › Soak table lists four JSONL tracks (517ms)
  ✓  14 [chromium] › tests/fusion/fusion_s4_console.spec.ts:814:7 › Fusion S4 console › OpenUSD gameplay witness: run matrix + USD overlay hash (603ms)
  ✘  15 [chromium] › tests/fusion/fusion_s4_console.spec.ts:855:7 › Fusion S4 console › MSV Stage 4 linguistic eversion + low-latency MUTATE_VARIANT witness (5.5s)
(node:16395) Warning: The 'NO_COLOR' env is ignored due to the 'FORCE_COLOR' env being set.
(Use `node --trace-warnings ...` to show where the warning was created)
(node:16395) Warning: The 'NO_COLOR' env is ignored due to the 'FORCE_COLOR' env being set.
(Use `node --trace-warnings ...` to show where the warning was created)
  ✓  16 [chromium] › tests/fusion/fusion_s4_doc.spec.ts:11:7 › Fusion S4 documentation capture › full-page screenshot @fusion-doc (305ms)
  ✓  17 [chromium] › tests/fusion/gate1_page.spec.ts:7:7 › GATE1 page › gate1 page loads and shows custody copy (224ms)
  ✓  18 [chromium] › tests/fusion/gate1_page.spec.ts:13:7 › GATE1 page › gate1-register-options GET returns JSON (14ms)
  ✓  19 [chromium] › tests/fusion/gate1_page.spec.ts:21:7 › GATE1 page › gate1-register-options POST is 403 until GATE1_LIFT=1 (9ms)
  -  20 [chromium] › tests/fusion/mesh_game_runner_capture.spec.ts:90:7 › Mesh game runner capture › capture all mesh domain GUI gameplay without Discord


  1) [chromium] › tests/fusion/fusion_s4_console.spec.ts:855:7 › Fusion S4 console › MSV Stage 4 linguistic eversion + low-latency MUTATE_VARIANT witness 

    TimeoutError: page.waitForFunction: Timeout 5000ms exceeded.

      958 |       expect(postActionTsDispatchBaseline).toBeGreaterThan(0);
      959 |
    > 960 |       const post = await page.waitForFunction(
          |                               ^
      961 |         ({ locale, beforeCount }) => {
      962 |           const witness = (window as unknown as { __fusionVariantWitness?: { messages: Array<Record<string, unknown>> } })
      963 |             .__fusionVariantWitness;
        at /Users/richardgillespie/Documents/FoT8D/GAIAOS/services/gaiaos_ui_web/tests/fusion/fusion_s4_console.spec.ts:960:31

    attachment #1: screenshot (image/png) ──────────────────────────────────────────────────────────
    test-results/fusion_s4_console-Fusion-S-b8297-ency-MUTATE-VARIANT-witness-chromium/test-failed-1.png
    ────────────────────────────────────────────────────────────────────────────────────────────────

    Error Context: test-results/fusion_s4_console-Fusion-S-b8297-ency-MUTATE-VARIANT-witness-chromium/error-context.md

  1 failed
    [chromium] › tests/fusion/fusion_s4_console.spec.ts:855:7 › Fusion S4 console › MSV Stage 4 linguistic eversion + low-latency MUTATE_VARIANT witness 
  3 skipped
  16 passed (12.3s)
2026-04-09T06:28:51-04:00 RETRY: Fusion full suite rc=1, re-run in 10s (attempt 2)
2026-04-09T06:29:01-04:00 START: Fusion full suite attempt=2

> gaiaos_ui_web@0.1.0 test:e2e:fusion
> playwright test --config=playwright.fusion.config.ts


Running 20 tests using 1 worker

(node:16857) Warning: The 'NO_COLOR' env is ignored due to the 'FORCE_COLOR' env being set.
(Use `node --trace-warnings ...` to show where the warning was created)
(node:16857) Warning: The 'NO_COLOR' env is ignored due to the 'FORCE_COLOR' env being set.
(Use `node --trace-warnings ...` to show where the warning was created)
  -   1 [chromium] › tests/fusion/fusion_dashboard_visual_witness.spec.ts:16:7 › Fusion Dashboard visual witness › fusion-s4 rendered + high-res PNG
  -   2 [chromium] › tests/fusion/fusion_matrix_e2e.spec.ts:4:7 › Fusion matrix API (slow) › runMatrix=1 with minimal cycles when FUSION_MATRIX_E2E=1
  ✓   3 [chromium] › tests/fusion/fusion_s4_console.spec.ts:265:7 › Fusion S4 console › GET /api/fusion/s4-projection contract (47ms)
  ✓   4 [chromium] › tests/fusion/fusion_s4_console.spec.ts:381:7 › Fusion S4 console › GET /api/fusion/mesh-operator-spine contract (13ms)
  ✓   5 [chromium] › tests/fusion/fusion_s4_console.spec.ts:389:7 › Fusion S4 console › GET /api/fusion/soak-summary contract (26ms)
  ✓   6 [chromium] › tests/fusion/fusion_s4_console.spec.ts:411:7 › Fusion S4 console › GET /api/fusion/challenge-ledger read contract (9ms)
  ✓   7 [chromium] › tests/fusion/fusion_s4_console.spec.ts:419:7 › Fusion S4 console › POST /api/fusion/challenge-ledger registers team (secret) (11ms)
  ✓   8 [chromium] › tests/fusion/fusion_s4_console.spec.ts:441:7 › Fusion S4 console › GET /api/fusion/global-challenge-digest (12ms)
  ✓   9 [chromium] › tests/fusion/fusion_s4_console.spec.ts:451:7 › Fusion S4 console › GET /api/fusion/soak-summary markdown export (49ms)
  ✓  10 [chromium] › tests/fusion/fusion_s4_console.spec.ts:460:7 › Fusion S4 console › /fusion-s4 UI panels (414ms)
  ✓  11 [chromium] › tests/fusion/fusion_s4_console.spec.ts:480:7 › Fusion S4 console › WASM projection event propagates from bridge payload to control shell and viewport (626ms)
  ✓  12 [chromium] › tests/fusion/fusion_s4_console.spec.ts:684:7 › Fusion S4 console › WASM UI self-heals missing anchors and UI state without external input (1.4s)
  ✓  13 [chromium] › tests/fusion/fusion_s4_console.spec.ts:807:7 › Fusion S4 console › Soak table lists four JSONL tracks (376ms)
  ✓  14 [chromium] › tests/fusion/fusion_s4_console.spec.ts:814:7 › Fusion S4 console › OpenUSD gameplay witness: run matrix + USD overlay hash (439ms)
  ✘  15 [chromium] › tests/fusion/fusion_s4_console.spec.ts:855:7 › Fusion S4 console › MSV Stage 4 linguistic eversion + low-latency MUTATE_VARIANT witness (5.4s)
(node:17180) Warning: The 'NO_COLOR' env is ignored due to the 'FORCE_COLOR' env being set.
(Use `node --trace-warnings ...` to show where the warning was created)
(node:17180) Warning: The 'NO_COLOR' env is ignored due to the 'FORCE_COLOR' env being set.
(Use `node --trace-warnings ...` to show where the warning was created)
  ✓  16 [chromium] › tests/fusion/fusion_s4_doc.spec.ts:11:7 › Fusion S4 documentation capture › full-page screenshot @fusion-doc (298ms)
  ✓  17 [chromium] › tests/fusion/gate1_page.spec.ts:7:7 › GATE1 page › gate1 page loads and shows custody copy (218ms)
  ✓  18 [chromium] › tests/fusion/gate1_page.spec.ts:13:7 › GATE1 page › gate1-register-options GET returns JSON (15ms)
  ✓  19 [chromium] › tests/fusion/gate1_page.spec.ts:21:7 › GATE1 page › gate1-register-options POST is 403 until GATE1_LIFT=1 (7ms)
  -  20 [chromium] › tests/fusion/mesh_game_runner_capture.spec.ts:90:7 › Mesh game runner capture › capture all mesh domain GUI gameplay without Discord


  1) [chromium] › tests/fusion/fusion_s4_console.spec.ts:855:7 › Fusion S4 console › MSV Stage 4 linguistic eversion + low-latency MUTATE_VARIANT witness 

    TimeoutError: page.waitForFunction: Timeout 5000ms exceeded.

      958 |       expect(postActionTsDispatchBaseline).toBeGreaterThan(0);
      959 |
    > 960 |       const post = await page.waitForFunction(
          |                               ^
      961 |         ({ locale, beforeCount }) => {
      962 |           const witness = (window as unknown as { __fusionVariantWitness?: { messages: Array<Record<string, unknown>> } })
      963 |             .__fusionVariantWitness;
        at /Users/richardgillespie/Documents/FoT8D/GAIAOS/services/gaiaos_ui_web/tests/fusion/fusion_s4_console.spec.ts:960:31

    attachment #1: screenshot (image/png) ──────────────────────────────────────────────────────────
    test-results/fusion_s4_console-Fusion-S-b8297-ency-MUTATE-VARIANT-witness-chromium/test-failed-1.png
    ────────────────────────────────────────────────────────────────────────────────────────────────

    Error Context: test-results/fusion_s4_console-Fusion-S-b8297-ency-MUTATE-VARIANT-witness-chromium/error-context.md

  1 failed
    [chromium] › tests/fusion/fusion_s4_console.spec.ts:855:7 › Fusion S4 console › MSV Stage 4 linguistic eversion + low-latency MUTATE_VARIANT witness 
  3 skipped
  16 passed (12.1s)
2026-04-09T06:29:19-04:00 FAIL: Fusion full suite attempt=2 rc=1
2026-04-09T06:29:19-04:00 CYCLE_FAIL cycle=5 terminal=REFUSED self_rc=0 full_rc=1 elapsed=48s
2026-04-09T06:29:20-04:00 SLEEP cycle=5 interval=900
2026-04-09T06:44:20-04:00 CYCLE_START 6 on 2026-04-09T06:44:20-04:00
2026-04-09T06:44:20-04:00 START: WASM self-heal attempt=1

> gaiaos_ui_web@0.1.0 test:e2e:fusion
> playwright test --config=playwright.fusion.config.ts tests/fusion/fusion_s4_console.spec.ts -g WASM UI self-heals missing anchors and UI state without external input


Running 1 test using 1 worker

(node:36377) Warning: The 'NO_COLOR' env is ignored due to the 'FORCE_COLOR' env being set.
(Use `node --trace-warnings ...` to show where the warning was created)
(node:36377) Warning: The 'NO_COLOR' env is ignored due to the 'FORCE_COLOR' env being set.
(Use `node --trace-warnings ...` to show where the warning was created)
  ✓  1 [chromium] › tests/fusion/fusion_s4_console.spec.ts:684:7 › Fusion S4 console › WASM UI self-heals missing anchors and UI state without external input (2.1s)

  1 passed (3.6s)
2026-04-09T06:44:25-04:00 PASS: WASM self-heal attempt=1
2026-04-09T06:44:25-04:00 START: Fusion full suite attempt=1

> gaiaos_ui_web@0.1.0 test:e2e:fusion
> playwright test --config=playwright.fusion.config.ts


Running 20 tests using 1 worker

(node:36561) Warning: The 'NO_COLOR' env is ignored due to the 'FORCE_COLOR' env being set.
(Use `node --trace-warnings ...` to show where the warning was created)
(node:36561) Warning: The 'NO_COLOR' env is ignored due to the 'FORCE_COLOR' env being set.
(Use `node --trace-warnings ...` to show where the warning was created)
  -   1 [chromium] › tests/fusion/fusion_dashboard_visual_witness.spec.ts:16:7 › Fusion Dashboard visual witness › fusion-s4 rendered + high-res PNG
  -   2 [chromium] › tests/fusion/fusion_matrix_e2e.spec.ts:4:7 › Fusion matrix API (slow) › runMatrix=1 with minimal cycles when FUSION_MATRIX_E2E=1
  ✓   3 [chromium] › tests/fusion/fusion_s4_console.spec.ts:265:7 › Fusion S4 console › GET /api/fusion/s4-projection contract (42ms)
  ✓   4 [chromium] › tests/fusion/fusion_s4_console.spec.ts:381:7 › Fusion S4 console › GET /api/fusion/mesh-operator-spine contract (14ms)
  ✓   5 [chromium] › tests/fusion/fusion_s4_console.spec.ts:389:7 › Fusion S4 console › GET /api/fusion/soak-summary contract (22ms)
  ✓   6 [chromium] › tests/fusion/fusion_s4_console.spec.ts:411:7 › Fusion S4 console › GET /api/fusion/challenge-ledger read contract (9ms)
  ✓   7 [chromium] › tests/fusion/fusion_s4_console.spec.ts:419:7 › Fusion S4 console › POST /api/fusion/challenge-ledger registers team (secret) (11ms)
  ✓   8 [chromium] › tests/fusion/fusion_s4_console.spec.ts:441:7 › Fusion S4 console › GET /api/fusion/global-challenge-digest (17ms)
  ✓   9 [chromium] › tests/fusion/fusion_s4_console.spec.ts:451:7 › Fusion S4 console › GET /api/fusion/soak-summary markdown export (46ms)
  ✓  10 [chromium] › tests/fusion/fusion_s4_console.spec.ts:460:7 › Fusion S4 console › /fusion-s4 UI panels (404ms)
  ✓  11 [chromium] › tests/fusion/fusion_s4_console.spec.ts:480:7 › Fusion S4 console › WASM projection event propagates from bridge payload to control shell and viewport (515ms)
  ✓  12 [chromium] › tests/fusion/fusion_s4_console.spec.ts:684:7 › Fusion S4 console › WASM UI self-heals missing anchors and UI state without external input (1.3s)
  ✓  13 [chromium] › tests/fusion/fusion_s4_console.spec.ts:807:7 › Fusion S4 console › Soak table lists four JSONL tracks (374ms)
  ✓  14 [chromium] › tests/fusion/fusion_s4_console.spec.ts:814:7 › Fusion S4 console › OpenUSD gameplay witness: run matrix + USD overlay hash (431ms)
  ✓  15 [chromium] › tests/fusion/fusion_s4_console.spec.ts:855:7 › Fusion S4 console › MSV Stage 4 linguistic eversion + low-latency MUTATE_VARIANT witness (678ms)
  ✓  16 [chromium] › tests/fusion/fusion_s4_doc.spec.ts:11:7 › Fusion S4 documentation capture › full-page screenshot @fusion-doc (261ms)
  ✓  17 [chromium] › tests/fusion/gate1_page.spec.ts:7:7 › GATE1 page › gate1 page loads and shows custody copy (229ms)
  ✓  18 [chromium] › tests/fusion/gate1_page.spec.ts:13:7 › GATE1 page › gate1-register-options GET returns JSON (9ms)
  ✓  19 [chromium] › tests/fusion/gate1_page.spec.ts:21:7 › GATE1 page › gate1-register-options POST is 403 until GATE1_LIFT=1 (7ms)
  -  20 [chromium] › tests/fusion/mesh_game_runner_capture.spec.ts:90:7 › Mesh game runner capture › capture all mesh domain GUI gameplay without Discord

  3 skipped
  17 passed (5.8s)
2026-04-09T06:44:33-04:00 PASS: Fusion full suite attempt=1
2026-04-09T06:44:33-04:00 CYCLE_PASS cycle=6 terminal=CURE self_rc=0 full_rc=0 elapsed=13s
2026-04-09T06:44:33-04:00 SLEEP cycle=6 interval=900
2026-04-09T06:59:33-04:00 CYCLE_START 7 on 2026-04-09T06:59:33-04:00
2026-04-09T06:59:33-04:00 START: WASM self-heal attempt=1

> gaiaos_ui_web@0.1.0 test:e2e:fusion
> playwright test --config=playwright.fusion.config.ts tests/fusion/fusion_s4_console.spec.ts -g WASM UI self-heals missing anchors and UI state without external input


Running 1 test using 1 worker

(node:54233) Warning: The 'NO_COLOR' env is ignored due to the 'FORCE_COLOR' env being set.
(Use `node --trace-warnings ...` to show where the warning was created)
(node:54233) Warning: The 'NO_COLOR' env is ignored due to the 'FORCE_COLOR' env being set.
(Use `node --trace-warnings ...` to show where the warning was created)
  ✓  1 [chromium] › tests/fusion/fusion_s4_console.spec.ts:684:7 › Fusion S4 console › WASM UI self-heals missing anchors and UI state without external input (1.7s)

  1 passed (3.1s)
2026-04-09T06:59:38-04:00 PASS: WASM self-heal attempt=1
2026-04-09T06:59:38-04:00 START: Fusion full suite attempt=1

> gaiaos_ui_web@0.1.0 test:e2e:fusion
> playwright test --config=playwright.fusion.config.ts


Running 20 tests using 1 worker

(node:54389) Warning: The 'NO_COLOR' env is ignored due to the 'FORCE_COLOR' env being set.
(Use `node --trace-warnings ...` to show where the warning was created)
(node:54389) Warning: The 'NO_COLOR' env is ignored due to the 'FORCE_COLOR' env being set.
(Use `node --trace-warnings ...` to show where the warning was created)
  -   1 [chromium] › tests/fusion/fusion_dashboard_visual_witness.spec.ts:16:7 › Fusion Dashboard visual witness › fusion-s4 rendered + high-res PNG
  -   2 [chromium] › tests/fusion/fusion_matrix_e2e.spec.ts:4:7 › Fusion matrix API (slow) › runMatrix=1 with minimal cycles when FUSION_MATRIX_E2E=1
  ✓   3 [chromium] › tests/fusion/fusion_s4_console.spec.ts:265:7 › Fusion S4 console › GET /api/fusion/s4-projection contract (40ms)
  ✓   4 [chromium] › tests/fusion/fusion_s4_console.spec.ts:381:7 › Fusion S4 console › GET /api/fusion/mesh-operator-spine contract (11ms)
  ✓   5 [chromium] › tests/fusion/fusion_s4_console.spec.ts:389:7 › Fusion S4 console › GET /api/fusion/soak-summary contract (23ms)
  ✓   6 [chromium] › tests/fusion/fusion_s4_console.spec.ts:411:7 › Fusion S4 console › GET /api/fusion/challenge-ledger read contract (8ms)
  ✓   7 [chromium] › tests/fusion/fusion_s4_console.spec.ts:419:7 › Fusion S4 console › POST /api/fusion/challenge-ledger registers team (secret) (65ms)
  ✓   8 [chromium] › tests/fusion/fusion_s4_console.spec.ts:441:7 › Fusion S4 console › GET /api/fusion/global-challenge-digest (11ms)
  ✓   9 [chromium] › tests/fusion/fusion_s4_console.spec.ts:451:7 › Fusion S4 console › GET /api/fusion/soak-summary markdown export (84ms)
  ✓  10 [chromium] › tests/fusion/fusion_s4_console.spec.ts:460:7 › Fusion S4 console › /fusion-s4 UI panels (398ms)
  ✓  11 [chromium] › tests/fusion/fusion_s4_console.spec.ts:480:7 › Fusion S4 console › WASM projection event propagates from bridge payload to control shell and viewport (606ms)
  ✓  12 [chromium] › tests/fusion/fusion_s4_console.spec.ts:684:7 › Fusion S4 console › WASM UI self-heals missing anchors and UI state without external input (1.8s)
  ✓  13 [chromium] › tests/fusion/fusion_s4_console.spec.ts:807:7 › Fusion S4 console › Soak table lists four JSONL tracks (368ms)
  ✓  14 [chromium] › tests/fusion/fusion_s4_console.spec.ts:814:7 › Fusion S4 console › OpenUSD gameplay witness: run matrix + USD overlay hash (430ms)
  ✓  15 [chromium] › tests/fusion/fusion_s4_console.spec.ts:855:7 › Fusion S4 console › MSV Stage 4 linguistic eversion + low-latency MUTATE_VARIANT witness (686ms)
  ✓  16 [chromium] › tests/fusion/fusion_s4_doc.spec.ts:11:7 › Fusion S4 documentation capture › full-page screenshot @fusion-doc (261ms)
  ✓  17 [chromium] › tests/fusion/gate1_page.spec.ts:7:7 › GATE1 page › gate1 page loads and shows custody copy (250ms)
  ✓  18 [chromium] › tests/fusion/gate1_page.spec.ts:13:7 › GATE1 page › gate1-register-options GET returns JSON (9ms)
  ✓  19 [chromium] › tests/fusion/gate1_page.spec.ts:21:7 › GATE1 page › gate1-register-options POST is 403 until GATE1_LIFT=1 (6ms)
  -  20 [chromium] › tests/fusion/mesh_game_runner_capture.spec.ts:90:7 › Mesh game runner capture › capture all mesh domain GUI gameplay without Discord

  3 skipped
  17 passed (6.6s)
2026-04-09T06:59:46-04:00 PASS: Fusion full suite attempt=1
2026-04-09T06:59:46-04:00 CYCLE_PASS cycle=7 terminal=CURE self_rc=0 full_rc=0 elapsed=13s
2026-04-09T06:59:46-04:00 SLEEP cycle=7 interval=900
2026-04-09T07:14:46-04:00 CYCLE_START 8 on 2026-04-09T07:14:46-04:00
2026-04-09T07:14:46-04:00 START: WASM self-heal attempt=1

> gaiaos_ui_web@0.1.0 test:e2e:fusion
> playwright test --config=playwright.fusion.config.ts tests/fusion/fusion_s4_console.spec.ts -g WASM UI self-heals missing anchors and UI state without external input


Running 1 test using 1 worker

(node:71856) Warning: The 'NO_COLOR' env is ignored due to the 'FORCE_COLOR' env being set.
(Use `node --trace-warnings ...` to show where the warning was created)
(node:71856) Warning: The 'NO_COLOR' env is ignored due to the 'FORCE_COLOR' env being set.
(Use `node --trace-warnings ...` to show where the warning was created)
  ✓  1 [chromium] › tests/fusion/fusion_s4_console.spec.ts:684:7 › Fusion S4 console › WASM UI self-heals missing anchors and UI state without external input (1.5s)

  1 passed (3.0s)
2026-04-09T07:14:51-04:00 PASS: WASM self-heal attempt=1
2026-04-09T07:14:51-04:00 START: Fusion full suite attempt=1

> gaiaos_ui_web@0.1.0 test:e2e:fusion
> playwright test --config=playwright.fusion.config.ts


Running 20 tests using 1 worker

(node:71998) Warning: The 'NO_COLOR' env is ignored due to the 'FORCE_COLOR' env being set.
(Use `node --trace-warnings ...` to show where the warning was created)
(node:71998) Warning: The 'NO_COLOR' env is ignored due to the 'FORCE_COLOR' env being set.
(Use `node --trace-warnings ...` to show where the warning was created)
  -   1 [chromium] › tests/fusion/fusion_dashboard_visual_witness.spec.ts:16:7 › Fusion Dashboard visual witness › fusion-s4 rendered + high-res PNG
  -   2 [chromium] › tests/fusion/fusion_matrix_e2e.spec.ts:4:7 › Fusion matrix API (slow) › runMatrix=1 with minimal cycles when FUSION_MATRIX_E2E=1
  ✓   3 [chromium] › tests/fusion/fusion_s4_console.spec.ts:265:7 › Fusion S4 console › GET /api/fusion/s4-projection contract (42ms)
  ✓   4 [chromium] › tests/fusion/fusion_s4_console.spec.ts:381:7 › Fusion S4 console › GET /api/fusion/mesh-operator-spine contract (10ms)
  ✓   5 [chromium] › tests/fusion/fusion_s4_console.spec.ts:389:7 › Fusion S4 console › GET /api/fusion/soak-summary contract (31ms)
  ✓   6 [chromium] › tests/fusion/fusion_s4_console.spec.ts:411:7 › Fusion S4 console › GET /api/fusion/challenge-ledger read contract (13ms)
  ✓   7 [chromium] › tests/fusion/fusion_s4_console.spec.ts:419:7 › Fusion S4 console › POST /api/fusion/challenge-ledger registers team (secret) (51ms)
  ✓   8 [chromium] › tests/fusion/fusion_s4_console.spec.ts:441:7 › Fusion S4 console › GET /api/fusion/global-challenge-digest (10ms)
  ✓   9 [chromium] › tests/fusion/fusion_s4_console.spec.ts:451:7 › Fusion S4 console › GET /api/fusion/soak-summary markdown export (45ms)
  ✓  10 [chromium] › tests/fusion/fusion_s4_console.spec.ts:460:7 › Fusion S4 console › /fusion-s4 UI panels (381ms)
  ✓  11 [chromium] › tests/fusion/fusion_s4_console.spec.ts:480:7 › Fusion S4 console › WASM projection event propagates from bridge payload to control shell and viewport (630ms)
  ✓  12 [chromium] › tests/fusion/fusion_s4_console.spec.ts:684:7 › Fusion S4 console › WASM UI self-heals missing anchors and UI state without external input (1.3s)
  ✓  13 [chromium] › tests/fusion/fusion_s4_console.spec.ts:807:7 › Fusion S4 console › Soak table lists four JSONL tracks (363ms)
  ✓  14 [chromium] › tests/fusion/fusion_s4_console.spec.ts:814:7 › Fusion S4 console › OpenUSD gameplay witness: run matrix + USD overlay hash (433ms)
  ✓  15 [chromium] › tests/fusion/fusion_s4_console.spec.ts:855:7 › Fusion S4 console › MSV Stage 4 linguistic eversion + low-latency MUTATE_VARIANT witness (678ms)
  ✓  16 [chromium] › tests/fusion/fusion_s4_doc.spec.ts:11:7 › Fusion S4 documentation capture › full-page screenshot @fusion-doc (297ms)
  ✓  17 [chromium] › tests/fusion/gate1_page.spec.ts:7:7 › GATE1 page › gate1 page loads and shows custody copy (232ms)
  ✓  18 [chromium] › tests/fusion/gate1_page.spec.ts:13:7 › GATE1 page › gate1-register-options GET returns JSON (9ms)
  ✓  19 [chromium] › tests/fusion/gate1_page.spec.ts:21:7 › GATE1 page › gate1-register-options POST is 403 until GATE1_LIFT=1 (7ms)
  -  20 [chromium] › tests/fusion/mesh_game_runner_capture.spec.ts:90:7 › Mesh game runner capture › capture all mesh domain GUI gameplay without Discord

  3 skipped
  17 passed (6.1s)
2026-04-09T07:14:59-04:00 PASS: Fusion full suite attempt=1
2026-04-09T07:14:59-04:00 CYCLE_PASS cycle=8 terminal=CURE self_rc=0 full_rc=0 elapsed=13s
2026-04-09T07:14:59-04:00 SLEEP cycle=8 interval=900
2026-04-09T07:29:59-04:00 CYCLE_START 9 on 2026-04-09T07:29:59-04:00
2026-04-09T07:29:59-04:00 START: WASM self-heal attempt=1

> gaiaos_ui_web@0.1.0 test:e2e:fusion
> playwright test --config=playwright.fusion.config.ts tests/fusion/fusion_s4_console.spec.ts -g WASM UI self-heals missing anchors and UI state without external input


Running 1 test using 1 worker

(node:90548) Warning: The 'NO_COLOR' env is ignored due to the 'FORCE_COLOR' env being set.
(Use `node --trace-warnings ...` to show where the warning was created)
(node:90548) Warning: The 'NO_COLOR' env is ignored due to the 'FORCE_COLOR' env being set.
(Use `node --trace-warnings ...` to show where the warning was created)
  ✓  1 [chromium] › tests/fusion/fusion_s4_console.spec.ts:684:7 › Fusion S4 console › WASM UI self-heals missing anchors and UI state without external input (1.7s)

  1 passed (3.2s)
2026-04-09T07:30:05-04:00 PASS: WASM self-heal attempt=1
2026-04-09T07:30:05-04:00 START: Fusion full suite attempt=1

> gaiaos_ui_web@0.1.0 test:e2e:fusion
> playwright test --config=playwright.fusion.config.ts


Running 20 tests using 1 worker

(node:90687) Warning: The 'NO_COLOR' env is ignored due to the 'FORCE_COLOR' env being set.
(Use `node --trace-warnings ...` to show where the warning was created)
(node:90687) Warning: The 'NO_COLOR' env is ignored due to the 'FORCE_COLOR' env being set.
(Use `node --trace-warnings ...` to show where the warning was created)
  -   1 [chromium] › tests/fusion/fusion_dashboard_visual_witness.spec.ts:16:7 › Fusion Dashboard visual witness › fusion-s4 rendered + high-res PNG
  -   2 [chromium] › tests/fusion/fusion_matrix_e2e.spec.ts:4:7 › Fusion matrix API (slow) › runMatrix=1 with minimal cycles when FUSION_MATRIX_E2E=1
  ✓   3 [chromium] › tests/fusion/fusion_s4_console.spec.ts:265:7 › Fusion S4 console › GET /api/fusion/s4-projection contract (45ms)
  ✓   4 [chromium] › tests/fusion/fusion_s4_console.spec.ts:381:7 › Fusion S4 console › GET /api/fusion/mesh-operator-spine contract (14ms)
  ✓   5 [chromium] › tests/fusion/fusion_s4_console.spec.ts:389:7 › Fusion S4 console › GET /api/fusion/soak-summary contract (26ms)
  ✓   6 [chromium] › tests/fusion/fusion_s4_console.spec.ts:411:7 › Fusion S4 console › GET /api/fusion/challenge-ledger read contract (11ms)
  ✓   7 [chromium] › tests/fusion/fusion_s4_console.spec.ts:419:7 › Fusion S4 console › POST /api/fusion/challenge-ledger registers team (secret) (15ms)
  ✓   8 [chromium] › tests/fusion/fusion_s4_console.spec.ts:441:7 › Fusion S4 console › GET /api/fusion/global-challenge-digest (18ms)
  ✓   9 [chromium] › tests/fusion/fusion_s4_console.spec.ts:451:7 › Fusion S4 console › GET /api/fusion/soak-summary markdown export (54ms)
  ✓  10 [chromium] › tests/fusion/fusion_s4_console.spec.ts:460:7 › Fusion S4 console › /fusion-s4 UI panels (1.3s)
  ✓  11 [chromium] › tests/fusion/fusion_s4_console.spec.ts:480:7 › Fusion S4 console › WASM projection event propagates from bridge payload to control shell and viewport (661ms)
  ✓  12 [chromium] › tests/fusion/fusion_s4_console.spec.ts:684:7 › Fusion S4 console › WASM UI self-heals missing anchors and UI state without external input (1.3s)
  ✓  13 [chromium] › tests/fusion/fusion_s4_console.spec.ts:807:7 › Fusion S4 console › Soak table lists four JSONL tracks (367ms)
  ✓  14 [chromium] › tests/fusion/fusion_s4_console.spec.ts:814:7 › Fusion S4 console › OpenUSD gameplay witness: run matrix + USD overlay hash (450ms)
  ✘  15 [chromium] › tests/fusion/fusion_s4_console.spec.ts:855:7 › Fusion S4 console › MSV Stage 4 linguistic eversion + low-latency MUTATE_VARIANT witness (5.4s)
(node:90929) Warning: The 'NO_COLOR' env is ignored due to the 'FORCE_COLOR' env being set.
(Use `node --trace-warnings ...` to show where the warning was created)
(node:90929) Warning: The 'NO_COLOR' env is ignored due to the 'FORCE_COLOR' env being set.
(Use `node --trace-warnings ...` to show where the warning was created)
  ✓  16 [chromium] › tests/fusion/fusion_s4_doc.spec.ts:11:7 › Fusion S4 documentation capture › full-page screenshot @fusion-doc (316ms)
  ✓  17 [chromium] › tests/fusion/gate1_page.spec.ts:7:7 › GATE1 page › gate1 page loads and shows custody copy (230ms)
  ✓  18 [chromium] › tests/fusion/gate1_page.spec.ts:13:7 › GATE1 page › gate1-register-options GET returns JSON (17ms)
  ✓  19 [chromium] › tests/fusion/gate1_page.spec.ts:21:7 › GATE1 page › gate1-register-options POST is 403 until GATE1_LIFT=1 (7ms)
  -  20 [chromium] › tests/fusion/mesh_game_runner_capture.spec.ts:90:7 › Mesh game runner capture › capture all mesh domain GUI gameplay without Discord


  1) [chromium] › tests/fusion/fusion_s4_console.spec.ts:855:7 › Fusion S4 console › MSV Stage 4 linguistic eversion + low-latency MUTATE_VARIANT witness 

    TimeoutError: page.waitForFunction: Timeout 5000ms exceeded.

      958 |       expect(postActionTsDispatchBaseline).toBeGreaterThan(0);
      959 |
    > 960 |       const post = await page.waitForFunction(
          |                               ^
      961 |         ({ locale, beforeCount }) => {
      962 |           const witness = (window as unknown as { __fusionVariantWitness?: { messages: Array<Record<string, unknown>> } })
      963 |             .__fusionVariantWitness;
        at /Users/richardgillespie/Documents/FoT8D/GAIAOS/services/gaiaos_ui_web/tests/fusion/fusion_s4_console.spec.ts:960:31

    attachment #1: screenshot (image/png) ──────────────────────────────────────────────────────────
    test-results/fusion_s4_console-Fusion-S-b8297-ency-MUTATE-VARIANT-witness-chromium/test-failed-1.png
    ────────────────────────────────────────────────────────────────────────────────────────────────

    Error Context: test-results/fusion_s4_console-Fusion-S-b8297-ency-MUTATE-VARIANT-witness-chromium/error-context.md

  1 failed
    [chromium] › tests/fusion/fusion_s4_console.spec.ts:855:7 › Fusion S4 console › MSV Stage 4 linguistic eversion + low-latency MUTATE_VARIANT witness 
  3 skipped
  16 passed (13.1s)
2026-04-09T07:30:19-04:00 RETRY: Fusion full suite rc=1, re-run in 10s (attempt 2)
2026-04-09T07:30:29-04:00 START: Fusion full suite attempt=2

> gaiaos_ui_web@0.1.0 test:e2e:fusion
> playwright test --config=playwright.fusion.config.ts


Running 20 tests using 1 worker

(node:91277) Warning: The 'NO_COLOR' env is ignored due to the 'FORCE_COLOR' env being set.
(Use `node --trace-warnings ...` to show where the warning was created)
(node:91277) Warning: The 'NO_COLOR' env is ignored due to the 'FORCE_COLOR' env being set.
(Use `node --trace-warnings ...` to show where the warning was created)
  -   1 [chromium] › tests/fusion/fusion_dashboard_visual_witness.spec.ts:16:7 › Fusion Dashboard visual witness › fusion-s4 rendered + high-res PNG
  -   2 [chromium] › tests/fusion/fusion_matrix_e2e.spec.ts:4:7 › Fusion matrix API (slow) › runMatrix=1 with minimal cycles when FUSION_MATRIX_E2E=1
  ✓   3 [chromium] › tests/fusion/fusion_s4_console.spec.ts:265:7 › Fusion S4 console › GET /api/fusion/s4-projection contract (45ms)
  ✓   4 [chromium] › tests/fusion/fusion_s4_console.spec.ts:381:7 › Fusion S4 console › GET /api/fusion/mesh-operator-spine contract (12ms)
  ✓   5 [chromium] › tests/fusion/fusion_s4_console.spec.ts:389:7 › Fusion S4 console › GET /api/fusion/soak-summary contract (20ms)
  ✓   6 [chromium] › tests/fusion/fusion_s4_console.spec.ts:411:7 › Fusion S4 console › GET /api/fusion/challenge-ledger read contract (9ms)
  ✓   7 [chromium] › tests/fusion/fusion_s4_console.spec.ts:419:7 › Fusion S4 console › POST /api/fusion/challenge-ledger registers team (secret) (10ms)
  ✓   8 [chromium] › tests/fusion/fusion_s4_console.spec.ts:441:7 › Fusion S4 console › GET /api/fusion/global-challenge-digest (10ms)
  ✓   9 [chromium] › tests/fusion/fusion_s4_console.spec.ts:451:7 › Fusion S4 console › GET /api/fusion/soak-summary markdown export (47ms)
  ✓  10 [chromium] › tests/fusion/fusion_s4_console.spec.ts:460:7 › Fusion S4 console › /fusion-s4 UI panels (395ms)
  ✓  11 [chromium] › tests/fusion/fusion_s4_console.spec.ts:480:7 › Fusion S4 console › WASM projection event propagates from bridge payload to control shell and viewport (1.5s)
  ✓  12 [chromium] › tests/fusion/fusion_s4_console.spec.ts:684:7 › Fusion S4 console › WASM UI self-heals missing anchors and UI state without external input (1.3s)
  ✓  13 [chromium] › tests/fusion/fusion_s4_console.spec.ts:807:7 › Fusion S4 console › Soak table lists four JSONL tracks (362ms)
  ✓  14 [chromium] › tests/fusion/fusion_s4_console.spec.ts:814:7 › Fusion S4 console › OpenUSD gameplay witness: run matrix + USD overlay hash (428ms)
  ✓  15 [chromium] › tests/fusion/fusion_s4_console.spec.ts:855:7 › Fusion S4 console › MSV Stage 4 linguistic eversion + low-latency MUTATE_VARIANT witness (550ms)
  ✓  16 [chromium] › tests/fusion/fusion_s4_doc.spec.ts:11:7 › Fusion S4 documentation capture › full-page screenshot @fusion-doc (302ms)
  ✓  17 [chromium] › tests/fusion/gate1_page.spec.ts:7:7 › GATE1 page › gate1 page loads and shows custody copy (290ms)
  ✓  18 [chromium] › tests/fusion/gate1_page.spec.ts:13:7 › GATE1 page › gate1-register-options GET returns JSON (9ms)
  ✓  19 [chromium] › tests/fusion/gate1_page.spec.ts:21:7 › GATE1 page › gate1-register-options POST is 403 until GATE1_LIFT=1 (6ms)
  -  20 [chromium] › tests/fusion/mesh_game_runner_capture.spec.ts:90:7 › Mesh game runner capture › capture all mesh domain GUI gameplay without Discord

  3 skipped
  17 passed (6.9s)
2026-04-09T07:30:38-04:00 PASS: Fusion full suite attempt=2
2026-04-09T07:30:38-04:00 CYCLE_PASS cycle=9 terminal=CURE self_rc=0 full_rc=0 elapsed=39s
2026-04-09T07:30:38-04:00 SLEEP cycle=9 interval=900
