
[1;33m═══ GATE 1: PASSKEY / KEY CUSTODY ═══[0m
  [0;32m✓[0m WalletContext — no key generation
  [0;32m✓[0m GATE 1 clean

[1;33m═══ GATE 2: DISCORD AUTOMATION (MAC / SCRIPTS LANE) ═══[0m
  [0;32m✓[0m discord-mac-automation.mdc present (/Users/richardgillespie/Documents/FoT8D/GAIAOS/../.cursor/rules/discord-mac-automation.mdc)
  [0;32m✓[0m membrane_routing.py present
  [0;32m✓[0m GATE 2 clean

[1;33m═══ GATE 3: LARGE DATA ON NATS ═══[0m
  [1;33mℹ[0m NATS publish in scripts (must reference schema or ≤4KB guard):
       /Users/richardgillespie/Documents/FoT8D/GAIAOS/scripts/run_pcssp_fault_injection.sh
       /Users/richardgillespie/Documents/FoT8D/GAIAOS/scripts/fusion_cell_status_nats_publish.sh
       /Users/richardgillespie/Documents/FoT8D/GAIAOS/scripts/feed_pcssp.sh
       /Users/richardgillespie/Documents/FoT8D/GAIAOS/scripts/fusion_challenge_nats_publish_team.sh
       /Users/richardgillespie/Documents/FoT8D/GAIAOS/scripts/test_wallet_signature.sh
       /Users/richardgillespie/Documents/FoT8D/GAIAOS/scripts/build_and_push_all.sh
       /Users/richardgillespie/Documents/FoT8D/GAIAOS/scripts/nstxu_benchmark_feeder.sh
  [0;32m✓[0m run_pcssp_fault_injection.sh references schema or size guard
  [0;32m✓[0m fusion_cell_status_nats_publish.sh references schema or size guard
  [0;32m✓[0m feed_pcssp.sh references schema or size guard
  [0;32m✓[0m fusion_challenge_nats_publish_team.sh references schema or size guard
  [0;32m✓[0m test_wallet_signature.sh references schema or size guard
  [0;32m✓[0m build_and_push_all.sh references schema or size guard
  [0;32m✓[0m nstxu_benchmark_feeder.sh references schema or size guard
  [0;32m✓[0m GATE 3 clean

[1;33m═══ GATE 4: FUSION_SKIP_MOOR_PREFLIGHT IN PROD LAUNCH ═══[0m
  [0;32m✓[0m GATE 4 clean

[1;33m═══ SCAN COMPLETE ═══[0m

[0;32mALL GATES CLEAN — 0 violations[0m
Terminal state: CALORIE (scope fortress holding)
